<?xml version="1.0" encoding="UTF-8"?>
<!-- Generated by org.testng.reporters.JUnitXMLReporter -->
<testsuite ignored="0" hostname="LAPTOP-AE49641U" failures="0" tests="6" name="Account page Test" time="11.058" errors="0" timestamp="2024-07-21T22:04:54 IST">
  <testcase classname="com.opencart.tests.AccountsPageTest" name="accPageHeadersTest" time="0.154"/>
  <testcase classname="com.opencart.tests.AccountsPageTest" name="accPageTitleTest" time="0.039"/>
  <testcase classname="com.opencart.tests.AccountsPageTest" name="accPageURLTest" time="0.06"/>
  <testcase classname="com.opencart.tests.AccountsPageTest" name="isLogoutLinkExistTest" time="0.211"/>
  <testcase classname="com.opencart.tests.AccountsPageTest" name="isMyAccountLinkExist" time="0.117"/>
  <testcase classname="com.opencart.tests.AccountsPageTest" name="searchTest" time="0.695"/>
</testsuite> <!-- Account page Test -->
