<?xml version="1.0" encoding="UTF-8"?>
<!-- Generated by org.testng.reporters.JUnitXMLReporter -->
<testsuite ignored="0" hostname="LAPTOP-AE49641U" failures="0" tests="6" name="Account page Test" time="14.317" errors="0" timestamp="2024-07-24T15:28:32 IST">
  <testcase classname="com.opencart.tests.AccountsPageTest" name="accPageHeadersTest" time="0.247"/>
  <testcase classname="com.opencart.tests.AccountsPageTest" name="accPageTitleTest" time="0.122"/>
  <testcase classname="com.opencart.tests.AccountsPageTest" name="accPageURLTest" time="0.104"/>
  <testcase classname="com.opencart.tests.AccountsPageTest" name="isLogoutLinkExistTest" time="0.365"/>
  <testcase classname="com.opencart.tests.AccountsPageTest" name="isMyAccountLinkExist" time="0.256"/>
  <testcase classname="com.opencart.tests.AccountsPageTest" name="searchTest" time="1.17"/>
</testsuite> <!-- Account page Test -->
