<?xml version="1.0" encoding="UTF-8"?>
<!-- Generated by org.testng.reporters.JUnitXMLReporter -->
<testsuite ignored="0" hostname="LAPTOP-AE49641U" failures="0" tests="4" name="Login page Test" time="11.298" errors="0" timestamp="2024-07-19T23:21:00 IST">
  <testcase classname="com.opencart.tests.LoginPageTest" name="loginPageTitleTest" time="1.376"/>
  <testcase classname="com.opencart.tests.LoginPageTest" name="loginPageURLTest" time="0.036"/>
  <testcase classname="com.opencart.tests.LoginPageTest" name="forgotPwdLinkExistTest" time="0.085"/>
  <testcase classname="com.opencart.tests.LoginPageTest" name="loginTest" time="1.768"/>
</testsuite> <!-- Login page Test -->
