<?xml version="1.0" encoding="UTF-8"?>
<!-- Generated by org.testng.reporters.JUnitXMLReporter -->
<testsuite ignored="0" hostname="LAPTOP-AE49641U" failures="0" tests="4" name="Login page Test" time="12.813" errors="0" timestamp="2024-07-24T15:28:32 IST">
  <testcase classname="com.opencart.tests.LoginPageTest" name="loginPageTitleTest" time="1.477"/>
  <testcase classname="com.opencart.tests.LoginPageTest" name="loginPageURLTest" time="0.024"/>
  <testcase classname="com.opencart.tests.LoginPageTest" name="forgotPwdLinkExistTest" time="0.314"/>
  <testcase classname="com.opencart.tests.LoginPageTest" name="loginTest" time="1.634"/>
</testsuite> <!-- Login page Test -->
