<?xml version="1.0" encoding="UTF-8"?>
<!-- Generated by org.testng.reporters.JUnitXMLReporter -->
<testsuite ignored="0" hostname="LAPTOP-AE49641U" failures="0" tests="9" name="product page info Test" time="24.044" errors="0" timestamp="2024-07-24T15:28:42 IST">
  <testcase classname="com.opencart.tests.ProductPageInfoTest" name="productHeaderTest" time="2.895"/>
  <testcase classname="com.opencart.tests.ProductPageInfoTest" name="productHeaderTest" time="1.881"/>
  <testcase classname="com.opencart.tests.ProductPageInfoTest" name="productHeaderTest" time="1.298"/>
  <testcase classname="com.opencart.tests.ProductPageInfoTest" name="productHeaderTest" time="1.238"/>
  <testcase classname="com.opencart.tests.ProductPageInfoTest" name="productImagesCountTest" time="1.125"/>
  <testcase classname="com.opencart.tests.ProductPageInfoTest" name="productImagesCountTest" time="1.103"/>
  <testcase classname="com.opencart.tests.ProductPageInfoTest" name="productImagesCountTest" time="1.036"/>
  <testcase classname="com.opencart.tests.ProductPageInfoTest" name="productImagesCountTest" time="1.043"/>
  <testcase classname="com.opencart.tests.ProductPageInfoTest" name="productInfoTest" time="1.097"/>
</testsuite> <!-- product page info Test -->
