<?xml version="1.0" encoding="UTF-8"?>
<!-- Generated by org.testng.reporters.JUnitXMLReporter -->
<testsuite ignored="0" hostname="LAPTOP-AE49641U" failures="0" tests="4" name="reg page Test" time="25.368" errors="0" timestamp="2024-07-19T12:26:32 IST">
  <testcase classname="com.opencart.tests.RegistrationPageTest" name="userRegTest" time="4.608"/>
  <testcase classname="com.opencart.tests.RegistrationPageTest" name="userRegTest" time="5.382"/>
  <testcase classname="com.opencart.tests.RegistrationPageTest" name="userRegTest" time="2.941"/>
  <testcase classname="com.opencart.tests.RegistrationPageTest" name="userRegTest" time="3.213"/>
</testsuite> <!-- reg page Test -->
