<?xml version="1.0" encoding="UTF-8"?>
<!-- Generated by org.testng.reporters.JUnitXMLReporter -->
<testsuite ignored="0" hostname="LAPTOP-AE49641U" failures="0" tests="4" name="reg page Test" time="21.941" errors="0" timestamp="2024-07-20T19:49:58 IST">
  <testcase classname="com.opencart.tests.RegistrationPageTest" name="userRegTest" time="4.57"/>
  <testcase classname="com.opencart.tests.RegistrationPageTest" name="userRegTest" time="2.939"/>
  <testcase classname="com.opencart.tests.RegistrationPageTest" name="userRegTest" time="2.52"/>
  <testcase classname="com.opencart.tests.RegistrationPageTest" name="userRegTest" time="2.632"/>
</testsuite> <!-- reg page Test -->
