<?xml version="1.0" encoding="UTF-8"?>
<!-- Generated by org.testng.reporters.JUnitXMLReporter -->
<testsuite ignored="0" hostname="LAPTOP-AE49641U" failures="0" tests="3" name="Search result page Test" time="14.215" errors="0" timestamp="2024-07-20T19:49:50 IST">
  <testcase classname="com.opencart.tests.SearchResultsPageTest" name="getProductCount" time="1.292"/>
  <testcase classname="com.opencart.tests.SearchResultsPageTest" name="getProductCount" time="1.114"/>
  <testcase classname="com.opencart.tests.SearchResultsPageTest" name="getProductCount" time="0.894"/>
</testsuite> <!-- Search result page Test -->
