<?xml version="1.0" encoding="UTF-8"?>
<!-- Generated by org.testng.reporters.JUnitXMLReporter -->
<testsuite ignored="0" hostname="LAPTOP-AE49641U" failures="0" tests="3" name="Search result page Test" time="13.416" errors="0" timestamp="2024-07-19T12:26:20 IST">
  <testcase classname="com.opencart.tests.SearchResultsPageTest" name="getProductCount" time="1.251"/>
  <testcase classname="com.opencart.tests.SearchResultsPageTest" name="getProductCount" time="0.912"/>
  <testcase classname="com.opencart.tests.SearchResultsPageTest" name="getProductCount" time="1.285"/>
</testsuite> <!-- Search result page Test -->
