<?xml version="1.0" encoding="UTF-8"?>
<!-- Generated by org.testng.reporters.JUnitXMLReporter -->
<testsuite ignored="0" hostname="LAPTOP-AE49641U" failures="0" tests="4" name="Default test" time="11.024" errors="0" timestamp="2024-07-15T14:14:00 IST">
  <testcase classname="com.opencart.tests.RegistrationPageTest" name="userRegTest" time="2.16"/>
  <testcase classname="com.opencart.tests.RegistrationPageTest" name="userRegTest" time="1.827"/>
  <testcase classname="com.opencart.tests.RegistrationPageTest" name="userRegTest" time="1.767"/>
  <testcase classname="com.opencart.tests.RegistrationPageTest" name="userRegTest" time="1.86"/>
</testsuite> <!-- Default test -->
