<?xml version="1.0" encoding="UTF-8"?>
<testng-results ignored="0" total="26" passed="26" failed="0" skipped="0">
  <reporter-output>
  </reporter-output>
  <suite started-at="2024-07-21T22:04:43 IST" name="Open Cart Regression Suite" finished-at="2024-07-21T22:05:03 IST" duration-ms="19930">
    <groups>
    </groups>
    <test started-at="2024-07-21T22:04:43 IST" name="Login page Test" finished-at="2024-07-21T22:04:53 IST" duration-ms="9980">
      <class name="com.opencart.tests.LoginPageTest">
        <test-method is-config="true" signature="setup(java.lang.String)[pri:0, instance:com.opencart.tests.LoginPageTest@794366a5]" started-at="2024-07-21T22:04:43 IST" name="setup" finished-at="2024-07-21T22:04:50 IST" duration-ms="6786" status="PASS">
          <params>
            <param index="0">
              <value>
                <![CDATA[chrome]]>
              </value>
            </param>
          </params>
          <reporter-output>
          </reporter-output>
        </test-method> <!-- setup -->
        <test-method signature="loginPageTitleTest()[pri:1, instance:com.opencart.tests.LoginPageTest@794366a5]" started-at="2024-07-21T22:04:50 IST" name="loginPageTitleTest" finished-at="2024-07-21T22:04:50 IST" duration-ms="444" status="PASS">
          <reporter-output>
          </reporter-output>
        </test-method> <!-- loginPageTitleTest -->
        <test-method signature="loginPageURLTest()[pri:2, instance:com.opencart.tests.LoginPageTest@794366a5]" started-at="2024-07-21T22:04:51 IST" name="loginPageURLTest" finished-at="2024-07-21T22:04:51 IST" duration-ms="88" status="PASS">
          <reporter-output>
          </reporter-output>
        </test-method> <!-- loginPageURLTest -->
        <test-method signature="forgotPwdLinkExistTest()[pri:3, instance:com.opencart.tests.LoginPageTest@794366a5]" started-at="2024-07-21T22:04:51 IST" name="forgotPwdLinkExistTest" finished-at="2024-07-21T22:04:51 IST" duration-ms="281" status="PASS">
          <reporter-output>
          </reporter-output>
        </test-method> <!-- forgotPwdLinkExistTest -->
        <test-method signature="loginTest()[pri:4, instance:com.opencart.tests.LoginPageTest@794366a5]" started-at="2024-07-21T22:04:51 IST" name="loginTest" finished-at="2024-07-21T22:04:52 IST" duration-ms="1290" status="PASS">
          <reporter-output>
          </reporter-output>
        </test-method> <!-- loginTest -->
        <test-method is-config="true" signature="tearDown()[pri:0, instance:com.opencart.tests.LoginPageTest@794366a5]" started-at="2024-07-21T22:04:52 IST" name="tearDown" finished-at="2024-07-21T22:04:53 IST" duration-ms="486" status="PASS">
          <reporter-output>
          </reporter-output>
        </test-method> <!-- tearDown -->
      </class> <!-- com.opencart.tests.LoginPageTest -->
    </test> <!-- Login page Test -->
    <test started-at="2024-07-21T22:04:43 IST" name="Account page Test" finished-at="2024-07-21T22:04:54 IST" duration-ms="11058">
      <class name="com.opencart.tests.AccountsPageTest">
        <test-method is-config="true" signature="setup(java.lang.String)[pri:0, instance:com.opencart.tests.AccountsPageTest@7e307087]" started-at="2024-07-21T22:04:43 IST" name="setup" finished-at="2024-07-21T22:04:48 IST" duration-ms="5560" status="PASS">
          <params>
            <param index="0">
              <value>
                <![CDATA[chrome]]>
              </value>
            </param>
          </params>
          <reporter-output>
          </reporter-output>
        </test-method> <!-- setup -->
        <test-method is-config="true" signature="accSetup()[pri:0, instance:com.opencart.tests.AccountsPageTest@7e307087]" started-at="2024-07-21T22:04:48 IST" name="accSetup" finished-at="2024-07-21T22:04:52 IST" duration-ms="3574" status="PASS">
          <reporter-output>
          </reporter-output>
        </test-method> <!-- accSetup -->
        <test-method signature="accPageHeadersTest()[pri:0, instance:com.opencart.tests.AccountsPageTest@7e307087]" started-at="2024-07-21T22:04:52 IST" name="accPageHeadersTest" finished-at="2024-07-21T22:04:52 IST" duration-ms="154" status="PASS">
          <reporter-output>
          </reporter-output>
        </test-method> <!-- accPageHeadersTest -->
        <test-method signature="accPageTitleTest()[pri:0, instance:com.opencart.tests.AccountsPageTest@7e307087]" started-at="2024-07-21T22:04:52 IST" name="accPageTitleTest" finished-at="2024-07-21T22:04:52 IST" duration-ms="39" status="PASS">
          <reporter-output>
          </reporter-output>
        </test-method> <!-- accPageTitleTest -->
        <test-method signature="accPageURLTest()[pri:0, instance:com.opencart.tests.AccountsPageTest@7e307087]" started-at="2024-07-21T22:04:52 IST" name="accPageURLTest" finished-at="2024-07-21T22:04:52 IST" duration-ms="60" status="PASS">
          <reporter-output>
          </reporter-output>
        </test-method> <!-- accPageURLTest -->
        <test-method signature="isLogoutLinkExistTest()[pri:0, instance:com.opencart.tests.AccountsPageTest@7e307087]" started-at="2024-07-21T22:04:52 IST" name="isLogoutLinkExistTest" finished-at="2024-07-21T22:04:52 IST" duration-ms="211" status="PASS">
          <reporter-output>
          </reporter-output>
        </test-method> <!-- isLogoutLinkExistTest -->
        <test-method signature="isMyAccountLinkExist()[pri:0, instance:com.opencart.tests.AccountsPageTest@7e307087]" started-at="2024-07-21T22:04:52 IST" name="isMyAccountLinkExist" finished-at="2024-07-21T22:04:53 IST" duration-ms="117" status="PASS">
          <reporter-output>
          </reporter-output>
        </test-method> <!-- isMyAccountLinkExist -->
        <test-method signature="searchTest()[pri:0, instance:com.opencart.tests.AccountsPageTest@7e307087]" started-at="2024-07-21T22:04:53 IST" name="searchTest" finished-at="2024-07-21T22:04:53 IST" duration-ms="695" status="PASS">
          <reporter-output>
          </reporter-output>
        </test-method> <!-- searchTest -->
        <test-method is-config="true" signature="tearDown()[pri:0, instance:com.opencart.tests.AccountsPageTest@7e307087]" started-at="2024-07-21T22:04:54 IST" name="tearDown" finished-at="2024-07-21T22:04:54 IST" duration-ms="245" status="PASS">
          <reporter-output>
          </reporter-output>
        </test-method> <!-- tearDown -->
      </class> <!-- com.opencart.tests.AccountsPageTest -->
    </test> <!-- Account page Test -->
    <test started-at="2024-07-21T22:04:43 IST" name="Search result page Test" finished-at="2024-07-21T22:04:55 IST" duration-ms="12720">
      <class name="com.opencart.tests.SearchResultsPageTest">
        <test-method is-config="true" signature="setup(java.lang.String)[pri:0, instance:com.opencart.tests.SearchResultsPageTest@286090c]" started-at="2024-07-21T22:04:43 IST" name="setup" finished-at="2024-07-21T22:04:50 IST" duration-ms="7107" status="PASS">
          <params>
            <param index="0">
              <value>
                <![CDATA[chrome]]>
              </value>
            </param>
          </params>
          <reporter-output>
          </reporter-output>
        </test-method> <!-- setup -->
        <test-method is-config="true" signature="searchResultsSetup()[pri:0, instance:com.opencart.tests.SearchResultsPageTest@286090c]" started-at="2024-07-21T22:04:50 IST" name="searchResultsSetup" finished-at="2024-07-21T22:04:52 IST" duration-ms="1799" status="PASS">
          <reporter-output>
          </reporter-output>
        </test-method> <!-- searchResultsSetup -->
        <test-method signature="getProductCount(java.lang.String,int)[pri:0, instance:com.opencart.tests.SearchResultsPageTest@286090c]" started-at="2024-07-21T22:04:52 IST" name="getProductCount" data-provider="getProductCountData" finished-at="2024-07-21T22:04:53 IST" duration-ms="1080" status="PASS">
          <params>
            <param index="0">
              <value>
                <![CDATA[macbook]]>
              </value>
            </param>
            <param index="1">
              <value>
                <![CDATA[3]]>
              </value>
            </param>
          </params>
          <reporter-output>
          </reporter-output>
        </test-method> <!-- getProductCount -->
        <test-method signature="getProductCount(java.lang.String,int)[pri:0, instance:com.opencart.tests.SearchResultsPageTest@286090c]" started-at="2024-07-21T22:04:54 IST" name="getProductCount" data-provider="getProductCountData" finished-at="2024-07-21T22:04:54 IST" duration-ms="894" status="PASS">
          <params>
            <param index="0">
              <value>
                <![CDATA[imac]]>
              </value>
            </param>
            <param index="1">
              <value>
                <![CDATA[1]]>
              </value>
            </param>
          </params>
          <reporter-output>
          </reporter-output>
        </test-method> <!-- getProductCount -->
        <test-method signature="getProductCount(java.lang.String,int)[pri:0, instance:com.opencart.tests.SearchResultsPageTest@286090c]" started-at="2024-07-21T22:04:54 IST" name="getProductCount" data-provider="getProductCountData" finished-at="2024-07-21T22:04:55 IST" duration-ms="795" status="PASS">
          <params>
            <param index="0">
              <value>
                <![CDATA[samsung]]>
              </value>
            </param>
            <param index="1">
              <value>
                <![CDATA[2]]>
              </value>
            </param>
          </params>
          <reporter-output>
          </reporter-output>
        </test-method> <!-- getProductCount -->
        <test-method is-config="true" signature="tearDown()[pri:0, instance:com.opencart.tests.SearchResultsPageTest@286090c]" started-at="2024-07-21T22:04:55 IST" name="tearDown" finished-at="2024-07-21T22:04:55 IST" duration-ms="210" status="PASS">
          <reporter-output>
          </reporter-output>
        </test-method> <!-- tearDown -->
      </class> <!-- com.opencart.tests.SearchResultsPageTest -->
    </test> <!-- Search result page Test -->
    <test started-at="2024-07-21T22:04:43 IST" name="product page info Test" finished-at="2024-07-21T22:05:03 IST" duration-ms="19915">
      <class name="com.opencart.tests.ProductPageInfoTest">
        <test-method is-config="true" signature="setup(java.lang.String)[pri:0, instance:com.opencart.tests.ProductPageInfoTest@3e4e8fdf]" started-at="2024-07-21T22:04:43 IST" name="setup" finished-at="2024-07-21T22:04:50 IST" duration-ms="7113" status="PASS">
          <params>
            <param index="0">
              <value>
                <![CDATA[chrome]]>
              </value>
            </param>
          </params>
          <reporter-output>
          </reporter-output>
        </test-method> <!-- setup -->
        <test-method is-config="true" signature="infoPageSetup()[pri:0, instance:com.opencart.tests.ProductPageInfoTest@3e4e8fdf]" started-at="2024-07-21T22:04:50 IST" name="infoPageSetup" finished-at="2024-07-21T22:04:51 IST" depends-on-methods="com.opencart.base.BaseTest.setup" duration-ms="1549" status="PASS">
          <reporter-output>
          </reporter-output>
        </test-method> <!-- infoPageSetup -->
        <test-method signature="productHeaderTest(java.lang.String,java.lang.String)[pri:0, instance:com.opencart.tests.ProductPageInfoTest@3e4e8fdf]" started-at="2024-07-21T22:04:51 IST" name="productHeaderTest" data-provider="getProductSearchData" finished-at="2024-07-21T22:04:54 IST" duration-ms="2225" status="PASS">
          <params>
            <param index="0">
              <value>
                <![CDATA[macbook]]>
              </value>
            </param>
            <param index="1">
              <value>
                <![CDATA[MacBook Pro]]>
              </value>
            </param>
          </params>
          <reporter-output>
          </reporter-output>
        </test-method> <!-- productHeaderTest -->
        <test-method signature="productHeaderTest(java.lang.String,java.lang.String)[pri:0, instance:com.opencart.tests.ProductPageInfoTest@3e4e8fdf]" started-at="2024-07-21T22:04:54 IST" name="productHeaderTest" data-provider="getProductSearchData" finished-at="2024-07-21T22:04:55 IST" duration-ms="1495" status="PASS">
          <params>
            <param index="0">
              <value>
                <![CDATA[imac]]>
              </value>
            </param>
            <param index="1">
              <value>
                <![CDATA[iMac]]>
              </value>
            </param>
          </params>
          <reporter-output>
          </reporter-output>
        </test-method> <!-- productHeaderTest -->
        <test-method signature="productHeaderTest(java.lang.String,java.lang.String)[pri:0, instance:com.opencart.tests.ProductPageInfoTest@3e4e8fdf]" started-at="2024-07-21T22:04:55 IST" name="productHeaderTest" data-provider="getProductSearchData" finished-at="2024-07-21T22:04:56 IST" duration-ms="1194" status="PASS">
          <params>
            <param index="0">
              <value>
                <![CDATA[samsung]]>
              </value>
            </param>
            <param index="1">
              <value>
                <![CDATA[Samsung SyncMaster 941BW]]>
              </value>
            </param>
          </params>
          <reporter-output>
          </reporter-output>
        </test-method> <!-- productHeaderTest -->
        <test-method signature="productHeaderTest(java.lang.String,java.lang.String)[pri:0, instance:com.opencart.tests.ProductPageInfoTest@3e4e8fdf]" started-at="2024-07-21T22:04:56 IST" name="productHeaderTest" data-provider="getProductSearchData" finished-at="2024-07-21T22:04:57 IST" duration-ms="1108" status="PASS">
          <params>
            <param index="0">
              <value>
                <![CDATA[samsung]]>
              </value>
            </param>
            <param index="1">
              <value>
                <![CDATA[Samsung Galaxy Tab 10.1]]>
              </value>
            </param>
          </params>
          <reporter-output>
          </reporter-output>
        </test-method> <!-- productHeaderTest -->
        <test-method signature="productImagesCountTest(java.lang.String,java.lang.String,int)[pri:0, instance:com.opencart.tests.ProductPageInfoTest@3e4e8fdf]" started-at="2024-07-21T22:04:57 IST" name="productImagesCountTest" data-provider="getProductImagesCount" finished-at="2024-07-21T22:04:58 IST" duration-ms="956" status="PASS">
          <params>
            <param index="0">
              <value>
                <![CDATA[macbook]]>
              </value>
            </param>
            <param index="1">
              <value>
                <![CDATA[MacBook Pro]]>
              </value>
            </param>
            <param index="2">
              <value>
                <![CDATA[4]]>
              </value>
            </param>
          </params>
          <reporter-output>
          </reporter-output>
        </test-method> <!-- productImagesCountTest -->
        <test-method signature="productImagesCountTest(java.lang.String,java.lang.String,int)[pri:0, instance:com.opencart.tests.ProductPageInfoTest@3e4e8fdf]" started-at="2024-07-21T22:04:58 IST" name="productImagesCountTest" data-provider="getProductImagesCount" finished-at="2024-07-21T22:04:59 IST" duration-ms="898" status="PASS">
          <params>
            <param index="0">
              <value>
                <![CDATA[imac]]>
              </value>
            </param>
            <param index="1">
              <value>
                <![CDATA[iMac]]>
              </value>
            </param>
            <param index="2">
              <value>
                <![CDATA[3]]>
              </value>
            </param>
          </params>
          <reporter-output>
          </reporter-output>
        </test-method> <!-- productImagesCountTest -->
        <test-method signature="productImagesCountTest(java.lang.String,java.lang.String,int)[pri:0, instance:com.opencart.tests.ProductPageInfoTest@3e4e8fdf]" started-at="2024-07-21T22:04:59 IST" name="productImagesCountTest" data-provider="getProductImagesCount" finished-at="2024-07-21T22:05:00 IST" duration-ms="981" status="PASS">
          <params>
            <param index="0">
              <value>
                <![CDATA[samsung]]>
              </value>
            </param>
            <param index="1">
              <value>
                <![CDATA[Samsung SyncMaster 941BW]]>
              </value>
            </param>
            <param index="2">
              <value>
                <![CDATA[1]]>
              </value>
            </param>
          </params>
          <reporter-output>
          </reporter-output>
        </test-method> <!-- productImagesCountTest -->
        <test-method signature="productImagesCountTest(java.lang.String,java.lang.String,int)[pri:0, instance:com.opencart.tests.ProductPageInfoTest@3e4e8fdf]" started-at="2024-07-21T22:05:00 IST" name="productImagesCountTest" data-provider="getProductImagesCount" finished-at="2024-07-21T22:05:01 IST" duration-ms="1002" status="PASS">
          <params>
            <param index="0">
              <value>
                <![CDATA[samsung]]>
              </value>
            </param>
            <param index="1">
              <value>
                <![CDATA[Samsung Galaxy Tab 10.1]]>
              </value>
            </param>
            <param index="2">
              <value>
                <![CDATA[7]]>
              </value>
            </param>
          </params>
          <reporter-output>
          </reporter-output>
        </test-method> <!-- productImagesCountTest -->
        <test-method signature="productInfoTest()[pri:0, instance:com.opencart.tests.ProductPageInfoTest@3e4e8fdf]" started-at="2024-07-21T22:05:01 IST" name="productInfoTest" finished-at="2024-07-21T22:05:02 IST" duration-ms="1181" status="PASS">
          <reporter-output>
          </reporter-output>
        </test-method> <!-- productInfoTest -->
        <test-method is-config="true" signature="tearDown()[pri:0, instance:com.opencart.tests.ProductPageInfoTest@3e4e8fdf]" started-at="2024-07-21T22:05:02 IST" name="tearDown" finished-at="2024-07-21T22:05:03 IST" duration-ms="172" status="PASS">
          <reporter-output>
          </reporter-output>
        </test-method> <!-- tearDown -->
      </class> <!-- com.opencart.tests.ProductPageInfoTest -->
    </test> <!-- product page info Test -->
    <test started-at="2024-07-21T22:04:43 IST" name="reg page Test" finished-at="2024-07-21T22:05:03 IST" duration-ms="19930">
      <class name="com.opencart.tests.RegistrationPageTest">
        <test-method is-config="true" signature="setup(java.lang.String)[pri:0, instance:com.opencart.tests.RegistrationPageTest@76130a29]" started-at="2024-07-21T22:04:43 IST" name="setup" finished-at="2024-07-21T22:04:50 IST" duration-ms="7108" status="PASS">
          <params>
            <param index="0">
              <value>
                <![CDATA[chrome]]>
              </value>
            </param>
          </params>
          <reporter-output>
          </reporter-output>
        </test-method> <!-- setup -->
        <test-method is-config="true" signature="registrationSetup()[pri:0, instance:com.opencart.tests.RegistrationPageTest@76130a29]" started-at="2024-07-21T22:04:50 IST" name="registrationSetup" finished-at="2024-07-21T22:04:51 IST" depends-on-methods="com.opencart.base.BaseTest.setup" duration-ms="989" status="PASS">
          <reporter-output>
          </reporter-output>
        </test-method> <!-- registrationSetup -->
        <test-method signature="userRegTest(java.lang.String,java.lang.String,java.lang.String,java.lang.String,java.lang.String)[pri:0, instance:com.opencart.tests.RegistrationPageTest@76130a29]" started-at="2024-07-21T22:04:51 IST" name="userRegTest" data-provider="getUserRegTestData" finished-at="2024-07-21T22:04:55 IST" duration-ms="4063" status="PASS">
          <params>
            <param index="0">
              <value>
                <![CDATA[Chota]]>
              </value>
            </param>
            <param index="1">
              <value>
                <![CDATA[Rajan]]>
              </value>
            </param>
            <param index="2">
              <value>
                <![CDATA[9898767875]]>
              </value>
            </param>
            <param index="3">
              <value>
                <![CDATA[cr@123]]>
              </value>
            </param>
            <param index="4">
              <value>
                <![CDATA[yes]]>
              </value>
            </param>
          </params>
          <reporter-output>
          </reporter-output>
        </test-method> <!-- userRegTest -->
        <test-method signature="userRegTest(java.lang.String,java.lang.String,java.lang.String,java.lang.String,java.lang.String)[pri:0, instance:com.opencart.tests.RegistrationPageTest@76130a29]" started-at="2024-07-21T22:04:55 IST" name="userRegTest" data-provider="getUserRegTestData" finished-at="2024-07-21T22:04:57 IST" duration-ms="2532" status="PASS">
          <params>
            <param index="0">
              <value>
                <![CDATA[Manya]]>
              </value>
            </param>
            <param index="1">
              <value>
                <![CDATA[Survey]]>
              </value>
            </param>
            <param index="2">
              <value>
                <![CDATA[9898767876]]>
              </value>
            </param>
            <param index="3">
              <value>
                <![CDATA[ms@123]]>
              </value>
            </param>
            <param index="4">
              <value>
                <![CDATA[no]]>
              </value>
            </param>
          </params>
          <reporter-output>
          </reporter-output>
        </test-method> <!-- userRegTest -->
        <test-method signature="userRegTest(java.lang.String,java.lang.String,java.lang.String,java.lang.String,java.lang.String)[pri:0, instance:com.opencart.tests.RegistrationPageTest@76130a29]" started-at="2024-07-21T22:04:57 IST" name="userRegTest" data-provider="getUserRegTestData" finished-at="2024-07-21T22:05:00 IST" duration-ms="2360" status="PASS">
          <params>
            <param index="0">
              <value>
                <![CDATA[Rauf]]>
              </value>
            </param>
            <param index="1">
              <value>
                <![CDATA[lala]]>
              </value>
            </param>
            <param index="2">
              <value>
                <![CDATA[9898767877]]>
              </value>
            </param>
            <param index="3">
              <value>
                <![CDATA[rl@123]]>
              </value>
            </param>
            <param index="4">
              <value>
                <![CDATA[yes]]>
              </value>
            </param>
          </params>
          <reporter-output>
          </reporter-output>
        </test-method> <!-- userRegTest -->
        <test-method signature="userRegTest(java.lang.String,java.lang.String,java.lang.String,java.lang.String,java.lang.String)[pri:0, instance:com.opencart.tests.RegistrationPageTest@76130a29]" started-at="2024-07-21T22:05:00 IST" name="userRegTest" data-provider="getUserRegTestData" finished-at="2024-07-21T22:05:03 IST" duration-ms="2686" status="PASS">
          <params>
            <param index="0">
              <value>
                <![CDATA[Chota]]>
              </value>
            </param>
            <param index="1">
              <value>
                <![CDATA[Shakeel]]>
              </value>
            </param>
            <param index="2">
              <value>
                <![CDATA[9898767878]]>
              </value>
            </param>
            <param index="3">
              <value>
                <![CDATA[cs@123]]>
              </value>
            </param>
            <param index="4">
              <value>
                <![CDATA[no]]>
              </value>
            </param>
          </params>
          <reporter-output>
          </reporter-output>
        </test-method> <!-- userRegTest -->
        <test-method is-config="true" signature="tearDown()[pri:0, instance:com.opencart.tests.RegistrationPageTest@76130a29]" started-at="2024-07-21T22:05:03 IST" name="tearDown" finished-at="2024-07-21T22:05:03 IST" duration-ms="149" status="PASS">
          <reporter-output>
          </reporter-output>
        </test-method> <!-- tearDown -->
      </class> <!-- com.opencart.tests.RegistrationPageTest -->
    </test> <!-- reg page Test -->
  </suite> <!-- Open Cart Regression Suite -->
</testng-results>
