<?xml version="1.0" encoding="UTF-8"?>
<testsuite xmlns:xsi="http://www.w3.org/2001/XMLSchema-instance" xsi:noNamespaceSchemaLocation="https://maven.apache.org/surefire/maven-surefire-plugin/xsd/surefire-test-report-3.0.xsd" version="3.0" name="TestSuite" time="26.169" tests="26" errors="0" skipped="0" failures="0">
  <properties>
[...]
</properties>
  <testcase name="loginPageTitleTest" classname="com.opencart.tests.LoginPageTest" time="2.053">
    <system-out><![CDATA[...
... TestNG 7.10.2 by Cédric Beust (cedric@beust.com)
...

Test suite started
Test suite started
Test suite started
Test suite started
Test suite started
I am in onStart method product page info Test
I am in onStart method Account page Test
I am in onStart method Login page Test
I am in onStart method reg page Test
I am in onStart method Search result page Test
Running tests on Env : dev
Running tests on Env : dev
Running tests on Env : dev
Running tests on Env : dev
Running tests on Env : dev
Browser name is : chrome
Browser name is : chrome
Browser name is : chrome
Browser name is : chrome
Browser name is : chrome
loginPageTitleTest started 
I am in onTestStart method  loginPageTitleTest start
Login page title : Account Login
I am in onTestSuccess method loginPageTitleTest Success
loginPageTitleTest passed!
]]></system-out>
    <system-err><![CDATA[SLF4J: Failed to load class "org.slf4j.impl.StaticLoggerBinder".
SLF4J: Defaulting to no-operation (NOP) logger implementation
SLF4J: See http://www.slf4j.org/codes.html#StaticLoggerBinder for further details.
Jul 24, 2024 3:28:23 PM org.openqa.selenium.devtools.CdpVersionFinder findNearestMatch
WARNING: Unable to find an exact match for CDP version 126, returning the closest version; found: 125; Please update to a Selenium version that supports CDP version 126
Jul 24, 2024 3:28:23 PM org.openqa.selenium.devtools.CdpVersionFinder findNearestMatch
WARNING: Unable to find an exact match for CDP version 126, returning the closest version; found: 125; Please update to a Selenium version that supports CDP version 126
Jul 24, 2024 3:28:23 PM org.openqa.selenium.devtools.CdpVersionFinder findNearestMatch
WARNING: Unable to find an exact match for CDP version 126, returning the closest version; found: 125; Please update to a Selenium version that supports CDP version 126
Jul 24, 2024 3:28:23 PM org.openqa.selenium.devtools.CdpVersionFinder findNearestMatch
WARNING: Unable to find an exact match for CDP version 126, returning the closest version; found: 125; Please update to a Selenium version that supports CDP version 126
Jul 24, 2024 3:28:23 PM org.openqa.selenium.devtools.CdpVersionFinder findNearestMatch
WARNING: Unable to find an exact match for CDP version 126, returning the closest version; found: 125; Please update to a Selenium version that supports CDP version 126
]]></system-err>
  </testcase>
  <testcase name="loginPageURLTest" classname="com.opencart.tests.LoginPageTest" time="0.043">
    <system-out><![CDATA[loginPageURLTest started 
I am in onTestStart method  loginPageURLTest start
login page url : https://naveenautomationlabs.com/opencart/index.php?route=account/login
I am in onTestSuccess method loginPageURLTest Success
loginPageURLTest passed!
]]></system-out>
  </testcase>
  <testcase name="forgotPwdLinkExistTest" classname="com.opencart.tests.LoginPageTest" time="0.033">
    <system-out><![CDATA[forgotPwdLinkExistTest started 
I am in onTestStart method  forgotPwdLinkExistTest start
userRegTest started 
I am in onTestStart method  userRegTest start
I am in onTestSuccess method forgotPwdLinkExistTest Success
forgotPwdLinkExistTest passed!
]]></system-out>
  </testcase>
  <testcase name="loginTest" classname="com.opencart.tests.LoginPageTest" time="0.043">
    <system-out><![CDATA[isLogoutLinkExistTest started 
I am in onTestStart method  isLogoutLinkExistTest start
Acc page title : My Account
I am in onTestSuccess method loginTest Success
loginTest passed!
]]></system-out>
  </testcase>
  <testcase name="accPageHeadersTest" classname="com.opencart.tests.AccountsPageTest" time="0.257">
    <system-out><![CDATA[loginTest started 
I am in onTestStart method  loginTest start
getProductCount started 
I am in onTestStart method  getProductCount start
searching for : macbook
productHeaderTest started 
I am in onTestStart method  productHeaderTest start
searching for : macbook
accPageHeadersTest started 
I am in onTestStart method  accPageHeadersTest start
[My Account, My Orders, My Affiliate Account, Newsletter]
I am in onTestSuccess method accPageHeadersTest Success
accPageHeadersTest passed!
]]></system-out>
  </testcase>
  <testcase name="accPageTitleTest" classname="com.opencart.tests.AccountsPageTest" time="0.15">
    <system-out><![CDATA[accPageTitleTest started 
I am in onTestStart method  accPageTitleTest start
Acc page title : My Account
I am in onTestSuccess method accPageTitleTest Success
accPageTitleTest passed!
]]></system-out>
  </testcase>
  <testcase name="accPageURLTest" classname="com.opencart.tests.AccountsPageTest" time="0.086">
    <system-out><![CDATA[accPageURLTest started 
I am in onTestStart method  accPageURLTest start
Acc page URL : https://naveenautomationlabs.com/opencart/index.php?route=account/account
I am in onTestSuccess method accPageURLTest Success
accPageURLTest passed!
]]></system-out>
  </testcase>
  <testcase name="isLogoutLinkExistTest" classname="com.opencart.tests.AccountsPageTest" time="0.367">
    <system-out><![CDATA[I am in onTestSuccess method isLogoutLinkExistTest Success
isLogoutLinkExistTest passed!
]]></system-out>
  </testcase>
  <testcase name="isMyAccountLinkExist" classname="com.opencart.tests.AccountsPageTest" time="0.275">
    <system-out><![CDATA[isMyAccountLinkExist started 
I am in onTestStart method  isMyAccountLinkExist start
I am in onTestSuccess method isMyAccountLinkExist Success
isMyAccountLinkExist passed!
]]></system-out>
  </testcase>
  <testcase name="searchTest" classname="com.opencart.tests.AccountsPageTest" time="0.0">
    <system-out><![CDATA[getProductCount started 
I am in onTestStart method  getProductCount start
searching for : samsung
]]></system-out>
  </testcase>
  <testcase name="getProductCount[macbook, 3](1)" classname="com.opencart.tests.SearchResultsPageTest" time="0.035">
    <system-out><![CDATA[searchTest started 
I am in onTestStart method  searchTest start
searching for : mackbook
I am in onTestSuccess method getProductCount Success
getProductCount passed!
]]></system-out>
  </testcase>
  <testcase name="getProductCount[imac, 1](2)" classname="com.opencart.tests.SearchResultsPageTest" time="2.065"/>
  <testcase name="getProductCount[samsung, 2](3)" classname="com.opencart.tests.SearchResultsPageTest" time="0.164">
    <system-out><![CDATA[userRegTest started 
I am in onTestStart method  userRegTest start
Searching for product : iMac
I am in onTestSuccess method getProductCount Success
getProductCount passed!
]]></system-out>
  </testcase>
  <testcase name="productHeaderTest[macbook, MacBook Pro](1)" classname="com.opencart.tests.ProductPageInfoTest" time="2.064">
    <system-out><![CDATA[getProductCount started 
I am in onTestStart method  getProductCount start
searching for : imac
Searching for product : MacBook Pro
I am in onfinish method Login page Test
Test Suite is ending!
I am in onTestSuccess method getProductCount Success
I am in onTestSuccess method searchTest Success
MacBook Pro
I am in onTestSuccess method productHeaderTest Success
Your Account Has Been Created!
productHeaderTest passed!
searchTest passed!
getProductCount passed!
]]></system-out>
    <system-err><![CDATA[log4j:WARN No appenders could be found for logger (freemarker.cache).
log4j:WARN Please initialize the log4j system properly.
]]></system-err>
  </testcase>
  <testcase name="productHeaderTest[imac, iMac](2)" classname="com.opencart.tests.ProductPageInfoTest" time="0.912">
    <system-out><![CDATA[I am in onfinish method Search result page Test
Test Suite is ending!
iMac
I am in onTestSuccess method productHeaderTest Success
productHeaderTest passed!
]]></system-out>
  </testcase>
  <testcase name="productHeaderTest[samsung, Samsung SyncMaster 941BW](3)" classname="com.opencart.tests.ProductPageInfoTest" time="1.298">
    <system-out><![CDATA[productHeaderTest started 
I am in onTestStart method  productHeaderTest start
searching for : samsung
Searching for product : Samsung SyncMaster 941BW
Your Account Has Been Created!
Samsung SyncMaster 941BW
I am in onTestSuccess method productHeaderTest Success
productHeaderTest passed!
]]></system-out>
  </testcase>
  <testcase name="productHeaderTest[samsung, Samsung Galaxy Tab 10.1](4)" classname="com.opencart.tests.ProductPageInfoTest" time="0.544">
    <system-out><![CDATA[userRegTest started 
I am in onTestStart method  userRegTest start
Samsung Galaxy Tab 10.1
I am in onTestSuccess method productHeaderTest Success
productHeaderTest passed!
]]></system-out>
  </testcase>
  <testcase name="productImagesCountTest[macbook, MacBook Pro, 4](1)" classname="com.opencart.tests.ProductPageInfoTest" time="1.125">
    <system-out><![CDATA[productImagesCountTest started 
I am in onTestStart method  productImagesCountTest start
searching for : macbook
Searching for product : MacBook Pro
Your Account Has Been Created!
MacBook Pro
Image count for MacBook Pro : 4
I am in onTestSuccess method productImagesCountTest Success
productImagesCountTest passed!
]]></system-out>
  </testcase>
  <testcase name="productImagesCountTest[imac, iMac, 3](2)" classname="com.opencart.tests.ProductPageInfoTest" time="0.106">
    <system-out><![CDATA[userRegTest started 
I am in onTestStart method  userRegTest start
iMac
Image count for iMac : 3
I am in onTestSuccess method productImagesCountTest Success
productImagesCountTest passed!
]]></system-out>
  </testcase>
  <testcase name="productImagesCountTest[samsung, Samsung SyncMaster 941BW, 1](3)" classname="com.opencart.tests.ProductPageInfoTest" time="1.037">
    <system-out><![CDATA[productImagesCountTest started 
I am in onTestStart method  productImagesCountTest start
searching for : samsung
Searching for product : Samsung SyncMaster 941BW
Samsung SyncMaster 941BW
Image count for Samsung SyncMaster 941BW : 1
I am in onTestSuccess method productImagesCountTest Success
productImagesCountTest passed!
]]></system-out>
  </testcase>
  <testcase name="productImagesCountTest[samsung, Samsung Galaxy Tab 10.1, 7](4)" classname="com.opencart.tests.ProductPageInfoTest" time="1.046">
    <system-out><![CDATA[productImagesCountTest started 
I am in onTestStart method  productImagesCountTest start
searching for : samsung
Your Account Has Been Created!
Searching for product : Samsung Galaxy Tab 10.1
Samsung Galaxy Tab 10.1
Image count for Samsung Galaxy Tab 10.1 : 7
I am in onTestSuccess method productImagesCountTest Success
productImagesCountTest passed!
]]></system-out>
  </testcase>
  <testcase name="productInfoTest" classname="com.opencart.tests.ProductPageInfoTest" time="1.099">
    <system-out><![CDATA[I am in onfinish method reg page Test
Test Suite is ending!
Searching for product : MacBook Pro
MacBook Pro
MacBook Pro
Image count for MacBook Pro : 4
I am in onTestSuccess method productInfoTest Success
productInfoTest passed!
]]></system-out>
  </testcase>
  <testcase name="userRegTest[Chota, Rajan, 9898767875, cr@123, yes](1)" classname="com.opencart.tests.RegistrationPageTest" time="0.935">
    <system-out><![CDATA[productHeaderTest started 
I am in onTestStart method  productHeaderTest start
searching for : imac
I am in onfinish method Account page Test
Test Suite is ending!
I am in onTestSuccess method userRegTest Success
userRegTest passed!
]]></system-out>
  </testcase>
  <testcase name="userRegTest[Manya, Survey, 9898767876, ms@123, no](2)" classname="com.opencart.tests.RegistrationPageTest" time="0.694">
    <system-out><![CDATA[productHeaderTest started 
I am in onTestStart method  productHeaderTest start
searching for : samsung
Searching for product : Samsung Galaxy Tab 10.1
I am in onTestSuccess method userRegTest Success
userRegTest passed!
]]></system-out>
  </testcase>
  <testcase name="userRegTest[Rauf, lala, 9898767877, rl@123, yes](3)" classname="com.opencart.tests.RegistrationPageTest" time="0.999">
    <system-out><![CDATA[productImagesCountTest started 
I am in onTestStart method  productImagesCountTest start
searching for : imac
Searching for product : iMac
I am in onTestSuccess method userRegTest Success
userRegTest passed!
]]></system-out>
  </testcase>
  <testcase name="userRegTest[Chota, Shakeel, 9898767878, cs@123, no](4)" classname="com.opencart.tests.RegistrationPageTest" time="0.296">
    <system-out><![CDATA[productInfoTest started 
I am in onTestStart method  productInfoTest start
searching for : macBook
I am in onTestSuccess method userRegTest Success
userRegTest passed!
]]></system-out>
  </testcase>
</testsuite>