<?xml version="1.0" encoding="UTF-8"?>
<testng-results ignored="0" total="26" passed="26" failed="0" skipped="0">
  <reporter-output>
  </reporter-output>
  <suite started-at="2024-07-19T12:26:07 IST" name="Open Cart Regression Suite" finished-at="2024-07-19T12:26:33 IST" duration-ms="26009">
    <groups>
    </groups>
    <test started-at="2024-07-19T12:26:07 IST" name="Login page Test" finished-at="2024-07-19T12:26:17 IST" duration-ms="10439">
      <class name="com.opencart.tests.LoginPageTest">
        <test-method is-config="true" signature="setup(java.lang.String)[pri:0, instance:com.opencart.tests.LoginPageTest@6482eef]" started-at="2024-07-19T12:26:07 IST" name="setup" finished-at="2024-07-19T12:26:13 IST" duration-ms="6218" status="PASS">
          <params>
            <param index="0">
              <value>
                <![CDATA[chrome]]>
              </value>
            </param>
          </params>
          <reporter-output>
          </reporter-output>
        </test-method> <!-- setup -->
        <test-method signature="loginPageTitleTest()[pri:1, instance:com.opencart.tests.LoginPageTest@6482eef]" started-at="2024-07-19T12:26:13 IST" name="loginPageTitleTest" finished-at="2024-07-19T12:26:15 IST" duration-ms="1637" status="PASS">
          <reporter-output>
          </reporter-output>
        </test-method> <!-- loginPageTitleTest -->
        <test-method signature="loginPageURLTest()[pri:2, instance:com.opencart.tests.LoginPageTest@6482eef]" started-at="2024-07-19T12:26:15 IST" name="loginPageURLTest" finished-at="2024-07-19T12:26:15 IST" duration-ms="41" status="PASS">
          <reporter-output>
          </reporter-output>
        </test-method> <!-- loginPageURLTest -->
        <test-method signature="forgotPwdLinkExistTest()[pri:3, instance:com.opencart.tests.LoginPageTest@6482eef]" started-at="2024-07-19T12:26:15 IST" name="forgotPwdLinkExistTest" finished-at="2024-07-19T12:26:15 IST" duration-ms="51" status="PASS">
          <reporter-output>
          </reporter-output>
        </test-method> <!-- forgotPwdLinkExistTest -->
        <test-method signature="loginTest()[pri:4, instance:com.opencart.tests.LoginPageTest@6482eef]" started-at="2024-07-19T12:26:15 IST" name="loginTest" finished-at="2024-07-19T12:26:17 IST" duration-ms="1460" status="PASS">
          <reporter-output>
          </reporter-output>
        </test-method> <!-- loginTest -->
        <test-method is-config="true" signature="tearDown()[pri:0, instance:com.opencart.tests.LoginPageTest@6482eef]" started-at="2024-07-19T12:26:17 IST" name="tearDown" finished-at="2024-07-19T12:26:17 IST" duration-ms="395" status="PASS">
          <reporter-output>
          </reporter-output>
        </test-method> <!-- tearDown -->
      </class> <!-- com.opencart.tests.LoginPageTest -->
    </test> <!-- Login page Test -->
    <test started-at="2024-07-19T12:26:07 IST" name="Account page Test" finished-at="2024-07-19T12:26:18 IST" duration-ms="11273">
      <class name="com.opencart.tests.AccountsPageTest">
        <test-method is-config="true" signature="setup(java.lang.String)[pri:0, instance:com.opencart.tests.AccountsPageTest@39651a82]" started-at="2024-07-19T12:26:07 IST" name="setup" finished-at="2024-07-19T12:26:14 IST" duration-ms="7873" status="PASS">
          <params>
            <param index="0">
              <value>
                <![CDATA[chrome]]>
              </value>
            </param>
          </params>
          <reporter-output>
          </reporter-output>
        </test-method> <!-- setup -->
        <test-method is-config="true" signature="accSetup()[pri:0, instance:com.opencart.tests.AccountsPageTest@39651a82]" started-at="2024-07-19T12:26:14 IST" name="accSetup" finished-at="2024-07-19T12:26:16 IST" duration-ms="1767" status="PASS">
          <reporter-output>
          </reporter-output>
        </test-method> <!-- accSetup -->
        <test-method signature="accPageHeadersTest()[pri:0, instance:com.opencart.tests.AccountsPageTest@39651a82]" started-at="2024-07-19T12:26:16 IST" name="accPageHeadersTest" finished-at="2024-07-19T12:26:16 IST" duration-ms="157" status="PASS">
          <reporter-output>
          </reporter-output>
        </test-method> <!-- accPageHeadersTest -->
        <test-method signature="accPageTitleTest()[pri:0, instance:com.opencart.tests.AccountsPageTest@39651a82]" started-at="2024-07-19T12:26:16 IST" name="accPageTitleTest" finished-at="2024-07-19T12:26:16 IST" duration-ms="45" status="PASS">
          <reporter-output>
          </reporter-output>
        </test-method> <!-- accPageTitleTest -->
        <test-method signature="accPageURLTest()[pri:0, instance:com.opencart.tests.AccountsPageTest@39651a82]" started-at="2024-07-19T12:26:16 IST" name="accPageURLTest" finished-at="2024-07-19T12:26:17 IST" duration-ms="41" status="PASS">
          <reporter-output>
          </reporter-output>
        </test-method> <!-- accPageURLTest -->
        <test-method signature="isLogoutLinkExistTest()[pri:0, instance:com.opencart.tests.AccountsPageTest@39651a82]" started-at="2024-07-19T12:26:17 IST" name="isLogoutLinkExistTest" finished-at="2024-07-19T12:26:17 IST" duration-ms="118" status="PASS">
          <reporter-output>
          </reporter-output>
        </test-method> <!-- isLogoutLinkExistTest -->
        <test-method signature="isMyAccountLinkExist()[pri:0, instance:com.opencart.tests.AccountsPageTest@39651a82]" started-at="2024-07-19T12:26:17 IST" name="isMyAccountLinkExist" finished-at="2024-07-19T12:26:17 IST" duration-ms="162" status="PASS">
          <reporter-output>
          </reporter-output>
        </test-method> <!-- isMyAccountLinkExist -->
        <test-method signature="searchTest()[pri:0, instance:com.opencart.tests.AccountsPageTest@39651a82]" started-at="2024-07-19T12:26:17 IST" name="searchTest" finished-at="2024-07-19T12:26:18 IST" duration-ms="717" status="PASS">
          <reporter-output>
          </reporter-output>
        </test-method> <!-- searchTest -->
        <test-method is-config="true" signature="tearDown()[pri:0, instance:com.opencart.tests.AccountsPageTest@39651a82]" started-at="2024-07-19T12:26:18 IST" name="tearDown" finished-at="2024-07-19T12:26:18 IST" duration-ms="316" status="PASS">
          <reporter-output>
          </reporter-output>
        </test-method> <!-- tearDown -->
      </class> <!-- com.opencart.tests.AccountsPageTest -->
    </test> <!-- Account page Test -->
    <test started-at="2024-07-19T12:26:07 IST" name="Search result page Test" finished-at="2024-07-19T12:26:20 IST" duration-ms="13416">
      <class name="com.opencart.tests.SearchResultsPageTest">
        <test-method is-config="true" signature="setup(java.lang.String)[pri:0, instance:com.opencart.tests.SearchResultsPageTest@35342d2f]" started-at="2024-07-19T12:26:07 IST" name="setup" finished-at="2024-07-19T12:26:14 IST" duration-ms="7864" status="PASS">
          <params>
            <param index="0">
              <value>
                <![CDATA[chrome]]>
              </value>
            </param>
          </params>
          <reporter-output>
          </reporter-output>
        </test-method> <!-- setup -->
        <test-method is-config="true" signature="searchResultsSetup()[pri:0, instance:com.opencart.tests.SearchResultsPageTest@35342d2f]" started-at="2024-07-19T12:26:14 IST" name="searchResultsSetup" finished-at="2024-07-19T12:26:16 IST" duration-ms="1907" status="PASS">
          <reporter-output>
          </reporter-output>
        </test-method> <!-- searchResultsSetup -->
        <test-method signature="getProductCount(java.lang.String,int)[pri:0, instance:com.opencart.tests.SearchResultsPageTest@35342d2f]" started-at="2024-07-19T12:26:16 IST" name="getProductCount" data-provider="getProductCountData" finished-at="2024-07-19T12:26:18 IST" duration-ms="1251" status="PASS">
          <params>
            <param index="0">
              <value>
                <![CDATA[macbook]]>
              </value>
            </param>
            <param index="1">
              <value>
                <![CDATA[3]]>
              </value>
            </param>
          </params>
          <reporter-output>
          </reporter-output>
        </test-method> <!-- getProductCount -->
        <test-method signature="getProductCount(java.lang.String,int)[pri:0, instance:com.opencart.tests.SearchResultsPageTest@35342d2f]" started-at="2024-07-19T12:26:18 IST" name="getProductCount" data-provider="getProductCountData" finished-at="2024-07-19T12:26:19 IST" duration-ms="912" status="PASS">
          <params>
            <param index="0">
              <value>
                <![CDATA[imac]]>
              </value>
            </param>
            <param index="1">
              <value>
                <![CDATA[1]]>
              </value>
            </param>
          </params>
          <reporter-output>
          </reporter-output>
        </test-method> <!-- getProductCount -->
        <test-method signature="getProductCount(java.lang.String,int)[pri:0, instance:com.opencart.tests.SearchResultsPageTest@35342d2f]" started-at="2024-07-19T12:26:19 IST" name="getProductCount" data-provider="getProductCountData" finished-at="2024-07-19T12:26:20 IST" duration-ms="1285" status="PASS">
          <params>
            <param index="0">
              <value>
                <![CDATA[samsung]]>
              </value>
            </param>
            <param index="1">
              <value>
                <![CDATA[2]]>
              </value>
            </param>
          </params>
          <reporter-output>
          </reporter-output>
        </test-method> <!-- getProductCount -->
        <test-method is-config="true" signature="tearDown()[pri:0, instance:com.opencart.tests.SearchResultsPageTest@35342d2f]" started-at="2024-07-19T12:26:20 IST" name="tearDown" finished-at="2024-07-19T12:26:20 IST" duration-ms="165" status="PASS">
          <reporter-output>
          </reporter-output>
        </test-method> <!-- tearDown -->
      </class> <!-- com.opencart.tests.SearchResultsPageTest -->
    </test> <!-- Search result page Test -->
    <test started-at="2024-07-19T12:26:07 IST" name="reg page Test" finished-at="2024-07-19T12:26:32 IST" duration-ms="25368">
      <class name="com.opencart.tests.RegistrationPageTest">
        <test-method is-config="true" signature="setup(java.lang.String)[pri:0, instance:com.opencart.tests.RegistrationPageTest@108d55c4]" started-at="2024-07-19T12:26:07 IST" name="setup" finished-at="2024-07-19T12:26:14 IST" duration-ms="7825" status="PASS">
          <params>
            <param index="0">
              <value>
                <![CDATA[chrome]]>
              </value>
            </param>
          </params>
          <reporter-output>
          </reporter-output>
        </test-method> <!-- setup -->
        <test-method is-config="true" signature="registrationSetup()[pri:0, instance:com.opencart.tests.RegistrationPageTest@108d55c4]" started-at="2024-07-19T12:26:14 IST" name="registrationSetup" finished-at="2024-07-19T12:26:16 IST" depends-on-methods="com.opencart.base.BaseTest.setup" duration-ms="1168" status="PASS">
          <reporter-output>
          </reporter-output>
        </test-method> <!-- registrationSetup -->
        <test-method signature="userRegTest(java.lang.String,java.lang.String,java.lang.String,java.lang.String,java.lang.String)[pri:0, instance:com.opencart.tests.RegistrationPageTest@108d55c4]" started-at="2024-07-19T12:26:16 IST" name="userRegTest" data-provider="getUserRegTestData" finished-at="2024-07-19T12:26:20 IST" duration-ms="4608" status="PASS">
          <params>
            <param index="0">
              <value>
                <![CDATA[Chota]]>
              </value>
            </param>
            <param index="1">
              <value>
                <![CDATA[Rajan]]>
              </value>
            </param>
            <param index="2">
              <value>
                <![CDATA[9898767875]]>
              </value>
            </param>
            <param index="3">
              <value>
                <![CDATA[cr@123]]>
              </value>
            </param>
            <param index="4">
              <value>
                <![CDATA[yes]]>
              </value>
            </param>
          </params>
          <reporter-output>
          </reporter-output>
        </test-method> <!-- userRegTest -->
        <test-method signature="userRegTest(java.lang.String,java.lang.String,java.lang.String,java.lang.String,java.lang.String)[pri:0, instance:com.opencart.tests.RegistrationPageTest@108d55c4]" started-at="2024-07-19T12:26:20 IST" name="userRegTest" data-provider="getUserRegTestData" finished-at="2024-07-19T12:26:26 IST" duration-ms="5382" status="PASS">
          <params>
            <param index="0">
              <value>
                <![CDATA[Manya]]>
              </value>
            </param>
            <param index="1">
              <value>
                <![CDATA[Survey]]>
              </value>
            </param>
            <param index="2">
              <value>
                <![CDATA[9898767876]]>
              </value>
            </param>
            <param index="3">
              <value>
                <![CDATA[ms@123]]>
              </value>
            </param>
            <param index="4">
              <value>
                <![CDATA[no]]>
              </value>
            </param>
          </params>
          <reporter-output>
          </reporter-output>
        </test-method> <!-- userRegTest -->
        <test-method signature="userRegTest(java.lang.String,java.lang.String,java.lang.String,java.lang.String,java.lang.String)[pri:0, instance:com.opencart.tests.RegistrationPageTest@108d55c4]" started-at="2024-07-19T12:26:26 IST" name="userRegTest" data-provider="getUserRegTestData" finished-at="2024-07-19T12:26:29 IST" duration-ms="2941" status="PASS">
          <params>
            <param index="0">
              <value>
                <![CDATA[Rauf]]>
              </value>
            </param>
            <param index="1">
              <value>
                <![CDATA[lala]]>
              </value>
            </param>
            <param index="2">
              <value>
                <![CDATA[9898767877]]>
              </value>
            </param>
            <param index="3">
              <value>
                <![CDATA[rl@123]]>
              </value>
            </param>
            <param index="4">
              <value>
                <![CDATA[yes]]>
              </value>
            </param>
          </params>
          <reporter-output>
          </reporter-output>
        </test-method> <!-- userRegTest -->
        <test-method signature="userRegTest(java.lang.String,java.lang.String,java.lang.String,java.lang.String,java.lang.String)[pri:0, instance:com.opencart.tests.RegistrationPageTest@108d55c4]" started-at="2024-07-19T12:26:29 IST" name="userRegTest" data-provider="getUserRegTestData" finished-at="2024-07-19T12:26:32 IST" duration-ms="3213" status="PASS">
          <params>
            <param index="0">
              <value>
                <![CDATA[Chota]]>
              </value>
            </param>
            <param index="1">
              <value>
                <![CDATA[Shakeel]]>
              </value>
            </param>
            <param index="2">
              <value>
                <![CDATA[9898767878]]>
              </value>
            </param>
            <param index="3">
              <value>
                <![CDATA[cs@123]]>
              </value>
            </param>
            <param index="4">
              <value>
                <![CDATA[no]]>
              </value>
            </param>
          </params>
          <reporter-output>
          </reporter-output>
        </test-method> <!-- userRegTest -->
        <test-method is-config="true" signature="tearDown()[pri:0, instance:com.opencart.tests.RegistrationPageTest@108d55c4]" started-at="2024-07-19T12:26:32 IST" name="tearDown" finished-at="2024-07-19T12:26:32 IST" duration-ms="184" status="PASS">
          <reporter-output>
          </reporter-output>
        </test-method> <!-- tearDown -->
      </class> <!-- com.opencart.tests.RegistrationPageTest -->
    </test> <!-- reg page Test -->
    <test started-at="2024-07-19T12:26:07 IST" name="product page info Test" finished-at="2024-07-19T12:26:33 IST" duration-ms="26009">
      <class name="com.opencart.tests.ProductPageInfoTest">
        <test-method is-config="true" signature="setup(java.lang.String)[pri:0, instance:com.opencart.tests.ProductPageInfoTest@f446158]" started-at="2024-07-19T12:26:07 IST" name="setup" finished-at="2024-07-19T12:26:14 IST" duration-ms="7703" status="PASS">
          <params>
            <param index="0">
              <value>
                <![CDATA[chrome]]>
              </value>
            </param>
          </params>
          <reporter-output>
          </reporter-output>
        </test-method> <!-- setup -->
        <test-method is-config="true" signature="infoPageSetup()[pri:0, instance:com.opencart.tests.ProductPageInfoTest@f446158]" started-at="2024-07-19T12:26:14 IST" name="infoPageSetup" finished-at="2024-07-19T12:26:16 IST" depends-on-methods="com.opencart.base.BaseTest.setup" duration-ms="1949" status="PASS">
          <reporter-output>
          </reporter-output>
        </test-method> <!-- infoPageSetup -->
        <test-method signature="productHeaderTest(java.lang.String,java.lang.String)[pri:0, instance:com.opencart.tests.ProductPageInfoTest@f446158]" started-at="2024-07-19T12:26:16 IST" name="productHeaderTest" data-provider="getProductSearchData" finished-at="2024-07-19T12:26:19 IST" duration-ms="2651" status="PASS">
          <params>
            <param index="0">
              <value>
                <![CDATA[macbook]]>
              </value>
            </param>
            <param index="1">
              <value>
                <![CDATA[MacBook Pro]]>
              </value>
            </param>
          </params>
          <reporter-output>
          </reporter-output>
        </test-method> <!-- productHeaderTest -->
        <test-method signature="productHeaderTest(java.lang.String,java.lang.String)[pri:0, instance:com.opencart.tests.ProductPageInfoTest@f446158]" started-at="2024-07-19T12:26:19 IST" name="productHeaderTest" data-provider="getProductSearchData" finished-at="2024-07-19T12:26:21 IST" duration-ms="1622" status="PASS">
          <params>
            <param index="0">
              <value>
                <![CDATA[imac]]>
              </value>
            </param>
            <param index="1">
              <value>
                <![CDATA[iMac]]>
              </value>
            </param>
          </params>
          <reporter-output>
          </reporter-output>
        </test-method> <!-- productHeaderTest -->
        <test-method signature="productHeaderTest(java.lang.String,java.lang.String)[pri:0, instance:com.opencart.tests.ProductPageInfoTest@f446158]" started-at="2024-07-19T12:26:21 IST" name="productHeaderTest" data-provider="getProductSearchData" finished-at="2024-07-19T12:26:22 IST" duration-ms="1690" status="PASS">
          <params>
            <param index="0">
              <value>
                <![CDATA[samsung]]>
              </value>
            </param>
            <param index="1">
              <value>
                <![CDATA[Samsung SyncMaster 941BW]]>
              </value>
            </param>
          </params>
          <reporter-output>
          </reporter-output>
        </test-method> <!-- productHeaderTest -->
        <test-method signature="productHeaderTest(java.lang.String,java.lang.String)[pri:0, instance:com.opencart.tests.ProductPageInfoTest@f446158]" started-at="2024-07-19T12:26:22 IST" name="productHeaderTest" data-provider="getProductSearchData" finished-at="2024-07-19T12:26:26 IST" duration-ms="3752" status="PASS">
          <params>
            <param index="0">
              <value>
                <![CDATA[samsung]]>
              </value>
            </param>
            <param index="1">
              <value>
                <![CDATA[Samsung Galaxy Tab 10.1]]>
              </value>
            </param>
          </params>
          <reporter-output>
          </reporter-output>
        </test-method> <!-- productHeaderTest -->
        <test-method signature="productImagesCountTest(java.lang.String,java.lang.String,int)[pri:0, instance:com.opencart.tests.ProductPageInfoTest@f446158]" started-at="2024-07-19T12:26:26 IST" name="productImagesCountTest" data-provider="getProductImagesCount" finished-at="2024-07-19T12:26:27 IST" duration-ms="1437" status="PASS">
          <params>
            <param index="0">
              <value>
                <![CDATA[macbook]]>
              </value>
            </param>
            <param index="1">
              <value>
                <![CDATA[MacBook Pro]]>
              </value>
            </param>
            <param index="2">
              <value>
                <![CDATA[4]]>
              </value>
            </param>
          </params>
          <reporter-output>
          </reporter-output>
        </test-method> <!-- productImagesCountTest -->
        <test-method signature="productImagesCountTest(java.lang.String,java.lang.String,int)[pri:0, instance:com.opencart.tests.ProductPageInfoTest@f446158]" started-at="2024-07-19T12:26:27 IST" name="productImagesCountTest" data-provider="getProductImagesCount" finished-at="2024-07-19T12:26:29 IST" duration-ms="1056" status="PASS">
          <params>
            <param index="0">
              <value>
                <![CDATA[imac]]>
              </value>
            </param>
            <param index="1">
              <value>
                <![CDATA[iMac]]>
              </value>
            </param>
            <param index="2">
              <value>
                <![CDATA[3]]>
              </value>
            </param>
          </params>
          <reporter-output>
          </reporter-output>
        </test-method> <!-- productImagesCountTest -->
        <test-method signature="productImagesCountTest(java.lang.String,java.lang.String,int)[pri:0, instance:com.opencart.tests.ProductPageInfoTest@f446158]" started-at="2024-07-19T12:26:29 IST" name="productImagesCountTest" data-provider="getProductImagesCount" finished-at="2024-07-19T12:26:30 IST" duration-ms="1196" status="PASS">
          <params>
            <param index="0">
              <value>
                <![CDATA[samsung]]>
              </value>
            </param>
            <param index="1">
              <value>
                <![CDATA[Samsung SyncMaster 941BW]]>
              </value>
            </param>
            <param index="2">
              <value>
                <![CDATA[1]]>
              </value>
            </param>
          </params>
          <reporter-output>
          </reporter-output>
        </test-method> <!-- productImagesCountTest -->
        <test-method signature="productImagesCountTest(java.lang.String,java.lang.String,int)[pri:0, instance:com.opencart.tests.ProductPageInfoTest@f446158]" started-at="2024-07-19T12:26:30 IST" name="productImagesCountTest" data-provider="getProductImagesCount" finished-at="2024-07-19T12:26:31 IST" duration-ms="1350" status="PASS">
          <params>
            <param index="0">
              <value>
                <![CDATA[samsung]]>
              </value>
            </param>
            <param index="1">
              <value>
                <![CDATA[Samsung Galaxy Tab 10.1]]>
              </value>
            </param>
            <param index="2">
              <value>
                <![CDATA[7]]>
              </value>
            </param>
          </params>
          <reporter-output>
          </reporter-output>
        </test-method> <!-- productImagesCountTest -->
        <test-method signature="productInfoTest()[pri:0, instance:com.opencart.tests.ProductPageInfoTest@f446158]" started-at="2024-07-19T12:26:31 IST" name="productInfoTest" finished-at="2024-07-19T12:26:32 IST" duration-ms="1370" status="PASS">
          <reporter-output>
          </reporter-output>
        </test-method> <!-- productInfoTest -->
        <test-method is-config="true" signature="tearDown()[pri:0, instance:com.opencart.tests.ProductPageInfoTest@f446158]" started-at="2024-07-19T12:26:32 IST" name="tearDown" finished-at="2024-07-19T12:26:33 IST" duration-ms="177" status="PASS">
          <reporter-output>
          </reporter-output>
        </test-method> <!-- tearDown -->
      </class> <!-- com.opencart.tests.ProductPageInfoTest -->
    </test> <!-- product page info Test -->
  </suite> <!-- Open Cart Regression Suite -->
</testng-results>
