<?xml version="1.0" encoding="UTF-8"?>
<testng-results ignored="0" total="18" passed="18" failed="0" skipped="0">
  <reporter-output>
  </reporter-output>
  <suite started-at="2025-06-02T11:32:26 IST" name="Open Cart Regression Suite" finished-at="2025-06-02T11:32:42 IST" duration-ms="15458">
    <groups>
    </groups>
    <test started-at="2025-06-02T11:32:26 IST" name="Login page Test chrome" finished-at="2025-06-02T11:32:39 IST" duration-ms="13301">
      <class name="com.opencart.tests.LoginPageTest">
        <test-method is-config="true" signature="setup(java.lang.String,java.lang.String)[pri:0, instance:com.opencart.tests.LoginPageTest@6f5bd362]" started-at="2025-06-02T11:32:26 IST" name="setup" finished-at="2025-06-02T11:32:34 IST" duration-ms="8183" status="PASS">
          <params>
            <param index="0">
              <value>
                <![CDATA[chrome]]>
              </value>
            </param>
            <param index="1">
              <value>
                <![CDATA[123.0]]>
              </value>
            </param>
          </params>
          <reporter-output>
          </reporter-output>
        </test-method> <!-- setup -->
        <test-method signature="loginPageTitleTest()[pri:1, instance:com.opencart.tests.LoginPageTest@6f5bd362]" started-at="2025-06-02T11:32:35 IST" name="loginPageTitleTest" finished-at="2025-06-02T11:32:36 IST" duration-ms="1222" status="PASS">
          <reporter-output>
          </reporter-output>
        </test-method> <!-- loginPageTitleTest -->
        <test-method signature="loginPageURLTest()[pri:2, instance:com.opencart.tests.LoginPageTest@6f5bd362]" started-at="2025-06-02T11:32:36 IST" name="loginPageURLTest" finished-at="2025-06-02T11:32:36 IST" duration-ms="241" status="PASS">
          <reporter-output>
          </reporter-output>
        </test-method> <!-- loginPageURLTest -->
        <test-method signature="forgotPwdLinkExistTest()[pri:3, instance:com.opencart.tests.LoginPageTest@6f5bd362]" started-at="2025-06-02T11:32:37 IST" name="forgotPwdLinkExistTest" finished-at="2025-06-02T11:32:37 IST" duration-ms="259" status="PASS">
          <reporter-output>
          </reporter-output>
        </test-method> <!-- forgotPwdLinkExistTest -->
        <test-method signature="verifyLoginPageLogoVisibleTest()[pri:4, instance:com.opencart.tests.LoginPageTest@6f5bd362]" started-at="2025-06-02T11:32:37 IST" name="verifyLoginPageLogoVisibleTest" finished-at="2025-06-02T11:32:37 IST" duration-ms="78" status="PASS">
          <reporter-output>
          </reporter-output>
        </test-method> <!-- verifyLoginPageLogoVisibleTest -->
        <test-method signature="verifyThatIsCorrencyToggleExist()[pri:5, instance:com.opencart.tests.LoginPageTest@6f5bd362]" started-at="2025-06-02T11:32:37 IST" name="verifyThatIsCorrencyToggleExist" finished-at="2025-06-02T11:32:37 IST" duration-ms="51" status="PASS">
          <reporter-output>
          </reporter-output>
        </test-method> <!-- verifyThatIsCorrencyToggleExist -->
        <test-method signature="verifyThatIsContainerToggleExist()[pri:6, instance:com.opencart.tests.LoginPageTest@6f5bd362]" started-at="2025-06-02T11:32:37 IST" name="verifyThatIsContainerToggleExist" finished-at="2025-06-02T11:32:37 IST" duration-ms="103" status="PASS">
          <reporter-output>
          </reporter-output>
        </test-method> <!-- verifyThatIsContainerToggleExist -->
        <test-method signature="verifyThatIsSearchFieldDisplayed()[pri:7, instance:com.opencart.tests.LoginPageTest@6f5bd362]" started-at="2025-06-02T11:32:37 IST" name="verifyThatIsSearchFieldDisplayed" finished-at="2025-06-02T11:32:37 IST" duration-ms="61" status="PASS">
          <reporter-output>
          </reporter-output>
        </test-method> <!-- verifyThatIsSearchFieldDisplayed -->
        <test-method signature="verifyThatIsCartExist()[pri:8, instance:com.opencart.tests.LoginPageTest@6f5bd362]" started-at="2025-06-02T11:32:37 IST" name="verifyThatIsCartExist" finished-at="2025-06-02T11:32:37 IST" duration-ms="77" status="PASS">
          <reporter-output>
          </reporter-output>
        </test-method> <!-- verifyThatIsCartExist -->
        <test-method signature="loginTest()[pri:9, instance:com.opencart.tests.LoginPageTest@6f5bd362]" started-at="2025-06-02T11:32:37 IST" name="loginTest" finished-at="2025-06-02T11:32:39 IST" duration-ms="1374" status="PASS">
          <reporter-output>
          </reporter-output>
        </test-method> <!-- loginTest -->
        <test-method is-config="true" signature="tearDown()[pri:0, instance:com.opencart.tests.LoginPageTest@6f5bd362]" started-at="2025-06-02T11:32:39 IST" name="tearDown" finished-at="2025-06-02T11:32:39 IST" duration-ms="854" status="PASS">
          <reporter-output>
          </reporter-output>
        </test-method> <!-- tearDown -->
      </class> <!-- com.opencart.tests.LoginPageTest -->
    </test> <!-- Login page Test chrome -->
    <test started-at="2025-06-02T11:32:26 IST" name="Account page Test" finished-at="2025-06-02T11:32:39 IST" duration-ms="13342">
      <class name="com.opencart.tests.AccountsPageTest">
        <test-method is-config="true" signature="setup(java.lang.String,java.lang.String)[pri:0, instance:com.opencart.tests.AccountsPageTest@17e0933c]" started-at="2025-06-02T11:32:26 IST" name="setup" finished-at="2025-06-02T11:32:34 IST" duration-ms="8184" status="PASS">
          <params>
            <param index="0">
              <value>
                <![CDATA[chrome]]>
              </value>
            </param>
            <param index="1">
              <value>
                <![CDATA[90.0]]>
              </value>
            </param>
          </params>
          <reporter-output>
          </reporter-output>
        </test-method> <!-- setup -->
        <test-method is-config="true" signature="accSetup()[pri:0, instance:com.opencart.tests.AccountsPageTest@17e0933c]" started-at="2025-06-02T11:32:34 IST" name="accSetup" finished-at="2025-06-02T11:32:38 IST" duration-ms="3176" status="PASS">
          <reporter-output>
          </reporter-output>
        </test-method> <!-- accSetup -->
        <test-method signature="accPageHeadersTest()[pri:0, instance:com.opencart.tests.AccountsPageTest@17e0933c]" started-at="2025-06-02T11:32:38 IST" name="accPageHeadersTest" finished-at="2025-06-02T11:32:38 IST" duration-ms="180" status="PASS">
          <reporter-output>
          </reporter-output>
        </test-method> <!-- accPageHeadersTest -->
        <test-method signature="accPageTitleTest()[pri:0, instance:com.opencart.tests.AccountsPageTest@17e0933c]" started-at="2025-06-02T11:32:38 IST" name="accPageTitleTest" finished-at="2025-06-02T11:32:38 IST" duration-ms="37" status="PASS">
          <reporter-output>
          </reporter-output>
        </test-method> <!-- accPageTitleTest -->
        <test-method signature="accPageURLTest()[pri:0, instance:com.opencart.tests.AccountsPageTest@17e0933c]" started-at="2025-06-02T11:32:38 IST" name="accPageURLTest" finished-at="2025-06-02T11:32:38 IST" duration-ms="27" status="PASS">
          <reporter-output>
          </reporter-output>
        </test-method> <!-- accPageURLTest -->
        <test-method signature="isLogoutLinkExistTest()[pri:0, instance:com.opencart.tests.AccountsPageTest@17e0933c]" started-at="2025-06-02T11:32:38 IST" name="isLogoutLinkExistTest" finished-at="2025-06-02T11:32:38 IST" duration-ms="94" status="PASS">
          <reporter-output>
          </reporter-output>
        </test-method> <!-- isLogoutLinkExistTest -->
        <test-method signature="isMyAccountLinkExist()[pri:0, instance:com.opencart.tests.AccountsPageTest@17e0933c]" started-at="2025-06-02T11:32:38 IST" name="isMyAccountLinkExist" finished-at="2025-06-02T11:32:38 IST" duration-ms="85" status="PASS">
          <reporter-output>
          </reporter-output>
        </test-method> <!-- isMyAccountLinkExist -->
        <test-method signature="searchTest()[pri:0, instance:com.opencart.tests.AccountsPageTest@17e0933c]" started-at="2025-06-02T11:32:38 IST" name="searchTest" finished-at="2025-06-02T11:32:39 IST" duration-ms="899" status="PASS">
          <reporter-output>
          </reporter-output>
        </test-method> <!-- searchTest -->
        <test-method is-config="true" signature="tearDown()[pri:0, instance:com.opencart.tests.AccountsPageTest@17e0933c]" started-at="2025-06-02T11:32:39 IST" name="tearDown" finished-at="2025-06-02T11:32:39 IST" duration-ms="484" status="PASS">
          <reporter-output>
          </reporter-output>
        </test-method> <!-- tearDown -->
      </class> <!-- com.opencart.tests.AccountsPageTest -->
    </test> <!-- Account page Test -->
    <test started-at="2025-06-02T11:32:26 IST" name="Search result page Test" finished-at="2025-06-02T11:32:42 IST" duration-ms="15458">
      <class name="com.opencart.tests.SearchResultsPageTest">
        <test-method is-config="true" signature="setup(java.lang.String,java.lang.String)[pri:0, instance:com.opencart.tests.SearchResultsPageTest@733c464f]" started-at="2025-06-02T11:32:26 IST" name="setup" finished-at="2025-06-02T11:32:34 IST" duration-ms="8184" status="PASS">
          <params>
            <param index="0">
              <value>
                <![CDATA[chrome]]>
              </value>
            </param>
            <param index="1">
              <value>
                <![CDATA[124.0]]>
              </value>
            </param>
          </params>
          <reporter-output>
          </reporter-output>
        </test-method> <!-- setup -->
        <test-method is-config="true" signature="searchResultsSetup()[pri:0, instance:com.opencart.tests.SearchResultsPageTest@733c464f]" started-at="2025-06-02T11:32:34 IST" name="searchResultsSetup" finished-at="2025-06-02T11:32:38 IST" duration-ms="3176" status="PASS">
          <reporter-output>
          </reporter-output>
        </test-method> <!-- searchResultsSetup -->
        <test-method signature="getProductCount(java.lang.String,int)[pri:0, instance:com.opencart.tests.SearchResultsPageTest@733c464f]" started-at="2025-06-02T11:32:38 IST" name="getProductCount" data-provider="getProductCountData" finished-at="2025-06-02T11:32:39 IST" duration-ms="1136" status="PASS">
          <params>
            <param index="0">
              <value>
                <![CDATA[macbook]]>
              </value>
            </param>
            <param index="1">
              <value>
                <![CDATA[3]]>
              </value>
            </param>
          </params>
          <reporter-output>
          </reporter-output>
        </test-method> <!-- getProductCount -->
        <test-method signature="getProductCount(java.lang.String,int)[pri:0, instance:com.opencart.tests.SearchResultsPageTest@733c464f]" started-at="2025-06-02T11:32:39 IST" name="getProductCount" data-provider="getProductCountData" finished-at="2025-06-02T11:32:40 IST" duration-ms="835" status="PASS">
          <params>
            <param index="0">
              <value>
                <![CDATA[imac]]>
              </value>
            </param>
            <param index="1">
              <value>
                <![CDATA[1]]>
              </value>
            </param>
          </params>
          <reporter-output>
          </reporter-output>
        </test-method> <!-- getProductCount -->
        <test-method signature="getProductCount(java.lang.String,int)[pri:0, instance:com.opencart.tests.SearchResultsPageTest@733c464f]" started-at="2025-06-02T11:32:41 IST" name="getProductCount" data-provider="getProductCountData" finished-at="2025-06-02T11:32:41 IST" duration-ms="748" status="PASS">
          <params>
            <param index="0">
              <value>
                <![CDATA[samsung]]>
              </value>
            </param>
            <param index="1">
              <value>
                <![CDATA[2]]>
              </value>
            </param>
          </params>
          <reporter-output>
          </reporter-output>
        </test-method> <!-- getProductCount -->
        <test-method is-config="true" signature="tearDown()[pri:0, instance:com.opencart.tests.SearchResultsPageTest@733c464f]" started-at="2025-06-02T11:32:41 IST" name="tearDown" finished-at="2025-06-02T11:32:42 IST" duration-ms="250" status="PASS">
          <reporter-output>
          </reporter-output>
        </test-method> <!-- tearDown -->
      </class> <!-- com.opencart.tests.SearchResultsPageTest -->
    </test> <!-- Search result page Test -->
  </suite> <!-- Open Cart Regression Suite -->
</testng-results>
