<?xml version="1.0" encoding="UTF-8"?>
<testng-results ignored="0" total="31" passed="30" failed="1" skipped="0">
  <reporter-output>
  </reporter-output>
  <suite started-at="2025-05-27T13:10:10 IST" name="Open Cart Regression Suite" finished-at="2025-05-27T13:10:42 IST" duration-ms="31075">
    <groups>
    </groups>
    <test started-at="2025-05-27T13:10:10 IST" name="Login page Test" finished-at="2025-05-27T13:10:29 IST" duration-ms="18584">
      <class name="com.opencart.tests.LoginPageTest">
        <test-method is-config="true" signature="setup(java.lang.String,java.lang.String)[pri:0, instance:com.opencart.tests.LoginPageTest@8cc8cdb]" started-at="2025-05-27T13:10:11 IST" name="setup" finished-at="2025-05-27T13:10:19 IST" duration-ms="8921" status="PASS">
          <params>
            <param index="0">
              <value>
                <![CDATA[chrome]]>
              </value>
            </param>
            <param index="1">
              <value>
                <![CDATA[123.0]]>
              </value>
            </param>
          </params>
          <reporter-output>
          </reporter-output>
        </test-method> <!-- setup -->
        <test-method signature="loginPageTitleTest()[pri:1, instance:com.opencart.tests.LoginPageTest@8cc8cdb]" started-at="2025-05-27T13:10:20 IST" name="loginPageTitleTest" finished-at="2025-05-27T13:10:21 IST" duration-ms="786" status="PASS">
          <reporter-output>
          </reporter-output>
        </test-method> <!-- loginPageTitleTest -->
        <test-method signature="loginPageURLTest()[pri:2, instance:com.opencart.tests.LoginPageTest@8cc8cdb]" started-at="2025-05-27T13:10:22 IST" name="loginPageURLTest" finished-at="2025-05-27T13:10:22 IST" duration-ms="116" status="PASS">
          <reporter-output>
          </reporter-output>
        </test-method> <!-- loginPageURLTest -->
        <test-method signature="forgotPwdLinkExistTest()[pri:3, instance:com.opencart.tests.LoginPageTest@8cc8cdb]" started-at="2025-05-27T13:10:22 IST" name="forgotPwdLinkExistTest" finished-at="2025-05-27T13:10:22 IST" duration-ms="152" status="PASS">
          <reporter-output>
          </reporter-output>
        </test-method> <!-- forgotPwdLinkExistTest -->
        <test-method signature="verifyLoginPageLogoVisibleTest()[pri:4, instance:com.opencart.tests.LoginPageTest@8cc8cdb]" started-at="2025-05-27T13:10:22 IST" name="verifyLoginPageLogoVisibleTest" finished-at="2025-05-27T13:10:22 IST" duration-ms="90" status="PASS">
          <reporter-output>
          </reporter-output>
        </test-method> <!-- verifyLoginPageLogoVisibleTest -->
        <test-method signature="verifyThatIsCorrencyToggleExist()[pri:5, instance:com.opencart.tests.LoginPageTest@8cc8cdb]" started-at="2025-05-27T13:10:22 IST" name="verifyThatIsCorrencyToggleExist" finished-at="2025-05-27T13:10:22 IST" duration-ms="55" status="PASS">
          <reporter-output>
          </reporter-output>
        </test-method> <!-- verifyThatIsCorrencyToggleExist -->
        <test-method signature="verifyThatIsContainerToggleExist()[pri:6, instance:com.opencart.tests.LoginPageTest@8cc8cdb]" started-at="2025-05-27T13:10:22 IST" name="verifyThatIsContainerToggleExist" finished-at="2025-05-27T13:10:22 IST" duration-ms="76" status="PASS">
          <reporter-output>
          </reporter-output>
        </test-method> <!-- verifyThatIsContainerToggleExist -->
        <test-method signature="verifyThatIsSearchFieldDisplayed()[pri:7, instance:com.opencart.tests.LoginPageTest@8cc8cdb]" started-at="2025-05-27T13:10:22 IST" name="verifyThatIsSearchFieldDisplayed" finished-at="2025-05-27T13:10:22 IST" duration-ms="83" status="PASS">
          <reporter-output>
          </reporter-output>
        </test-method> <!-- verifyThatIsSearchFieldDisplayed -->
        <test-method signature="verifyThatIsCartExist()[pri:8, instance:com.opencart.tests.LoginPageTest@8cc8cdb]" started-at="2025-05-27T13:10:22 IST" name="verifyThatIsCartExist" finished-at="2025-05-27T13:10:22 IST" duration-ms="48" status="PASS">
          <reporter-output>
          </reporter-output>
        </test-method> <!-- verifyThatIsCartExist -->
        <test-method signature="loginTest()[pri:9, instance:com.opencart.tests.LoginPageTest@8cc8cdb]" started-at="2025-05-27T13:10:22 IST" name="loginTest" finished-at="2025-05-27T13:10:25 IST" duration-ms="2414" status="PASS">
          <reporter-output>
          </reporter-output>
        </test-method> <!-- loginTest -->
        <test-method is-config="true" signature="tearDown()[pri:0, instance:com.opencart.tests.LoginPageTest@8cc8cdb]" started-at="2025-05-27T13:10:25 IST" name="tearDown" finished-at="2025-05-27T13:10:29 IST" duration-ms="4382" status="PASS">
          <reporter-output>
          </reporter-output>
        </test-method> <!-- tearDown -->
      </class> <!-- com.opencart.tests.LoginPageTest -->
    </test> <!-- Login page Test -->
    <test started-at="2025-05-27T13:10:10 IST" name="Account page Test" finished-at="2025-05-27T13:10:30 IST" duration-ms="19602">
      <class name="com.opencart.tests.AccountsPageTest">
        <test-method is-config="true" signature="setup(java.lang.String,java.lang.String)[pri:0, instance:com.opencart.tests.AccountsPageTest@73971965]" started-at="2025-05-27T13:10:11 IST" name="setup" finished-at="2025-05-27T13:10:19 IST" duration-ms="8919" status="PASS">
          <params>
            <param index="0">
              <value>
                <![CDATA[chrome]]>
              </value>
            </param>
            <param index="1">
              <value>
                <![CDATA[123.0]]>
              </value>
            </param>
          </params>
          <reporter-output>
          </reporter-output>
        </test-method> <!-- setup -->
        <test-method is-config="true" signature="accSetup()[pri:0, instance:com.opencart.tests.AccountsPageTest@73971965]" started-at="2025-05-27T13:10:20 IST" name="accSetup" finished-at="2025-05-27T13:10:21 IST" duration-ms="1542" status="PASS">
          <reporter-output>
          </reporter-output>
        </test-method> <!-- accSetup -->
        <test-method signature="accPageHeadersTest()[pri:0, instance:com.opencart.tests.AccountsPageTest@73971965]" started-at="2025-05-27T13:10:21 IST" name="accPageHeadersTest" finished-at="2025-05-27T13:10:21 IST" duration-ms="412" status="PASS">
          <reporter-output>
          </reporter-output>
        </test-method> <!-- accPageHeadersTest -->
        <test-method signature="accPageTitleTest()[pri:0, instance:com.opencart.tests.AccountsPageTest@73971965]" started-at="2025-05-27T13:10:22 IST" name="accPageTitleTest" finished-at="2025-05-27T13:10:22 IST" duration-ms="105" status="PASS">
          <reporter-output>
          </reporter-output>
        </test-method> <!-- accPageTitleTest -->
        <test-method signature="accPageURLTest()[pri:0, instance:com.opencart.tests.AccountsPageTest@73971965]" started-at="2025-05-27T13:10:22 IST" name="accPageURLTest" finished-at="2025-05-27T13:10:22 IST" duration-ms="116" status="PASS">
          <reporter-output>
          </reporter-output>
        </test-method> <!-- accPageURLTest -->
        <test-method signature="isLogoutLinkExistTest()[pri:0, instance:com.opencart.tests.AccountsPageTest@73971965]" started-at="2025-05-27T13:10:22 IST" name="isLogoutLinkExistTest" finished-at="2025-05-27T13:10:22 IST" duration-ms="112" status="PASS">
          <reporter-output>
          </reporter-output>
        </test-method> <!-- isLogoutLinkExistTest -->
        <test-method signature="isMyAccountLinkExist()[pri:0, instance:com.opencart.tests.AccountsPageTest@73971965]" started-at="2025-05-27T13:10:22 IST" name="isMyAccountLinkExist" finished-at="2025-05-27T13:10:22 IST" duration-ms="88" status="PASS">
          <reporter-output>
          </reporter-output>
        </test-method> <!-- isMyAccountLinkExist -->
        <test-method signature="searchTest()[pri:0, instance:com.opencart.tests.AccountsPageTest@73971965]" started-at="2025-05-27T13:10:22 IST" name="searchTest" finished-at="2025-05-27T13:10:23 IST" duration-ms="1190" status="PASS">
          <reporter-output>
          </reporter-output>
        </test-method> <!-- searchTest -->
        <test-method is-config="true" signature="tearDown()[pri:0, instance:com.opencart.tests.AccountsPageTest@73971965]" started-at="2025-05-27T13:10:23 IST" name="tearDown" finished-at="2025-05-27T13:10:30 IST" duration-ms="6823" status="PASS">
          <reporter-output>
          </reporter-output>
        </test-method> <!-- tearDown -->
      </class> <!-- com.opencart.tests.AccountsPageTest -->
    </test> <!-- Account page Test -->
    <test started-at="2025-05-27T13:10:10 IST" name="Search result page Test" finished-at="2025-05-27T13:10:31 IST" duration-ms="20483">
      <class name="com.opencart.tests.SearchResultsPageTest">
        <test-method is-config="true" signature="setup(java.lang.String,java.lang.String)[pri:0, instance:com.opencart.tests.SearchResultsPageTest@28757abd]" started-at="2025-05-27T13:10:11 IST" name="setup" finished-at="2025-05-27T13:10:19 IST" duration-ms="8919" status="PASS">
          <params>
            <param index="0">
              <value>
                <![CDATA[chrome]]>
              </value>
            </param>
            <param index="1">
              <value>
                <![CDATA[123.0]]>
              </value>
            </param>
          </params>
          <reporter-output>
          </reporter-output>
        </test-method> <!-- setup -->
        <test-method is-config="true" signature="searchResultsSetup()[pri:0, instance:com.opencart.tests.SearchResultsPageTest@28757abd]" started-at="2025-05-27T13:10:20 IST" name="searchResultsSetup" finished-at="2025-05-27T13:10:22 IST" duration-ms="2963" status="PASS">
          <reporter-output>
          </reporter-output>
        </test-method> <!-- searchResultsSetup -->
        <test-method signature="getProductCount(java.lang.String,int)[pri:0, instance:com.opencart.tests.SearchResultsPageTest@28757abd]" started-at="2025-05-27T13:10:22 IST" name="getProductCount" data-provider="getProductCountData" finished-at="2025-05-27T13:10:25 IST" duration-ms="2231" status="PASS">
          <params>
            <param index="0">
              <value>
                <![CDATA[macbook]]>
              </value>
            </param>
            <param index="1">
              <value>
                <![CDATA[3]]>
              </value>
            </param>
          </params>
          <reporter-output>
          </reporter-output>
        </test-method> <!-- getProductCount -->
        <test-method signature="getProductCount(java.lang.String,int)[pri:0, instance:com.opencart.tests.SearchResultsPageTest@28757abd]" started-at="2025-05-27T13:10:25 IST" name="getProductCount" data-provider="getProductCountData" finished-at="2025-05-27T13:10:26 IST" duration-ms="1016" status="PASS">
          <params>
            <param index="0">
              <value>
                <![CDATA[imac]]>
              </value>
            </param>
            <param index="1">
              <value>
                <![CDATA[1]]>
              </value>
            </param>
          </params>
          <reporter-output>
          </reporter-output>
        </test-method> <!-- getProductCount -->
        <test-method signature="getProductCount(java.lang.String,int)[pri:0, instance:com.opencart.tests.SearchResultsPageTest@28757abd]" started-at="2025-05-27T13:10:26 IST" name="getProductCount" data-provider="getProductCountData" finished-at="2025-05-27T13:10:27 IST" duration-ms="953" status="PASS">
          <params>
            <param index="0">
              <value>
                <![CDATA[samsung]]>
              </value>
            </param>
            <param index="1">
              <value>
                <![CDATA[2]]>
              </value>
            </param>
          </params>
          <reporter-output>
          </reporter-output>
        </test-method> <!-- getProductCount -->
        <test-method is-config="true" signature="tearDown()[pri:0, instance:com.opencart.tests.SearchResultsPageTest@28757abd]" started-at="2025-05-27T13:10:27 IST" name="tearDown" finished-at="2025-05-27T13:10:31 IST" duration-ms="4211" status="PASS">
          <reporter-output>
          </reporter-output>
        </test-method> <!-- tearDown -->
      </class> <!-- com.opencart.tests.SearchResultsPageTest -->
    </test> <!-- Search result page Test -->
    <test started-at="2025-05-27T13:10:10 IST" name="reg page Test" finished-at="2025-05-27T13:10:40 IST" duration-ms="29996">
      <class name="com.opencart.tests.RegistrationPageTest">
        <test-method is-config="true" signature="setup(java.lang.String,java.lang.String)[pri:0, instance:com.opencart.tests.RegistrationPageTest@608b1fd2]" started-at="2025-05-27T13:10:11 IST" name="setup" finished-at="2025-05-27T13:10:19 IST" duration-ms="8920" status="PASS">
          <params>
            <param index="0">
              <value>
                <![CDATA[chrome]]>
              </value>
            </param>
            <param index="1">
              <value>
                <![CDATA[123.0]]>
              </value>
            </param>
          </params>
          <reporter-output>
          </reporter-output>
        </test-method> <!-- setup -->
        <test-method is-config="true" signature="registrationSetup()[pri:0, instance:com.opencart.tests.RegistrationPageTest@608b1fd2]" started-at="2025-05-27T13:10:19 IST" name="registrationSetup" finished-at="2025-05-27T13:10:21 IST" depends-on-methods="com.opencart.base.BaseTest.setup" duration-ms="1788" status="PASS">
          <reporter-output>
          </reporter-output>
        </test-method> <!-- registrationSetup -->
        <test-method signature="userRegTest(java.lang.String,java.lang.String,java.lang.String,java.lang.String,java.lang.String)[pri:0, instance:com.opencart.tests.RegistrationPageTest@608b1fd2]" started-at="2025-05-27T13:10:21 IST" name="userRegTest" data-provider="getUserRegTestData" finished-at="2025-05-27T13:10:27 IST" duration-ms="5712" status="PASS">
          <params>
            <param index="0">
              <value>
                <![CDATA[Chota]]>
              </value>
            </param>
            <param index="1">
              <value>
                <![CDATA[Rajan]]>
              </value>
            </param>
            <param index="2">
              <value>
                <![CDATA[9898767875]]>
              </value>
            </param>
            <param index="3">
              <value>
                <![CDATA[cr@123]]>
              </value>
            </param>
            <param index="4">
              <value>
                <![CDATA[yes]]>
              </value>
            </param>
          </params>
          <reporter-output>
          </reporter-output>
        </test-method> <!-- userRegTest -->
        <test-method signature="userRegTest(java.lang.String,java.lang.String,java.lang.String,java.lang.String,java.lang.String)[pri:0, instance:com.opencart.tests.RegistrationPageTest@608b1fd2]" started-at="2025-05-27T13:10:27 IST" name="userRegTest" data-provider="getUserRegTestData" finished-at="2025-05-27T13:10:31 IST" duration-ms="4468" status="PASS">
          <params>
            <param index="0">
              <value>
                <![CDATA[Manya]]>
              </value>
            </param>
            <param index="1">
              <value>
                <![CDATA[Survey]]>
              </value>
            </param>
            <param index="2">
              <value>
                <![CDATA[9898767876]]>
              </value>
            </param>
            <param index="3">
              <value>
                <![CDATA[ms@123]]>
              </value>
            </param>
            <param index="4">
              <value>
                <![CDATA[no]]>
              </value>
            </param>
          </params>
          <reporter-output>
          </reporter-output>
        </test-method> <!-- userRegTest -->
        <test-method signature="userRegTest(java.lang.String,java.lang.String,java.lang.String,java.lang.String,java.lang.String)[pri:0, instance:com.opencart.tests.RegistrationPageTest@608b1fd2]" started-at="2025-05-27T13:10:32 IST" name="userRegTest" data-provider="getUserRegTestData" finished-at="2025-05-27T13:10:37 IST" duration-ms="5405" status="PASS">
          <params>
            <param index="0">
              <value>
                <![CDATA[Rauf]]>
              </value>
            </param>
            <param index="1">
              <value>
                <![CDATA[lala]]>
              </value>
            </param>
            <param index="2">
              <value>
                <![CDATA[9898767877]]>
              </value>
            </param>
            <param index="3">
              <value>
                <![CDATA[rl@123]]>
              </value>
            </param>
            <param index="4">
              <value>
                <![CDATA[yes]]>
              </value>
            </param>
          </params>
          <reporter-output>
          </reporter-output>
        </test-method> <!-- userRegTest -->
        <test-method signature="userRegTest(java.lang.String,java.lang.String,java.lang.String,java.lang.String,java.lang.String)[pri:0, instance:com.opencart.tests.RegistrationPageTest@608b1fd2]" started-at="2025-05-27T13:10:37 IST" name="userRegTest" data-provider="getUserRegTestData" finished-at="2025-05-27T13:10:40 IST" duration-ms="3106" status="PASS">
          <params>
            <param index="0">
              <value>
                <![CDATA[Chota]]>
              </value>
            </param>
            <param index="1">
              <value>
                <![CDATA[Shakeel]]>
              </value>
            </param>
            <param index="2">
              <value>
                <![CDATA[9898767878]]>
              </value>
            </param>
            <param index="3">
              <value>
                <![CDATA[cs@123]]>
              </value>
            </param>
            <param index="4">
              <value>
                <![CDATA[no]]>
              </value>
            </param>
          </params>
          <reporter-output>
          </reporter-output>
        </test-method> <!-- userRegTest -->
        <test-method is-config="true" signature="tearDown()[pri:0, instance:com.opencart.tests.RegistrationPageTest@608b1fd2]" started-at="2025-05-27T13:10:40 IST" name="tearDown" finished-at="2025-05-27T13:10:40 IST" duration-ms="391" status="PASS">
          <reporter-output>
          </reporter-output>
        </test-method> <!-- tearDown -->
      </class> <!-- com.opencart.tests.RegistrationPageTest -->
    </test> <!-- reg page Test -->
    <test started-at="2025-05-27T13:10:10 IST" name="product page info Test" finished-at="2025-05-27T13:10:42 IST" duration-ms="31072">
      <class name="com.opencart.tests.ProductPageInfoTest">
        <test-method is-config="true" signature="setup(java.lang.String,java.lang.String)[pri:0, instance:com.opencart.tests.ProductPageInfoTest@4fe533ff]" started-at="2025-05-27T13:10:11 IST" name="setup" finished-at="2025-05-27T13:10:19 IST" duration-ms="8919" status="PASS">
          <params>
            <param index="0">
              <value>
                <![CDATA[chrome]]>
              </value>
            </param>
            <param index="1">
              <value>
                <![CDATA[123.0]]>
              </value>
            </param>
          </params>
          <reporter-output>
          </reporter-output>
        </test-method> <!-- setup -->
        <test-method is-config="true" signature="infoPageSetup()[pri:0, instance:com.opencart.tests.ProductPageInfoTest@4fe533ff]" started-at="2025-05-27T13:10:19 IST" name="infoPageSetup" finished-at="2025-05-27T13:10:23 IST" depends-on-methods="com.opencart.base.BaseTest.setup" duration-ms="3284" status="PASS">
          <reporter-output>
          </reporter-output>
        </test-method> <!-- infoPageSetup -->
        <test-method signature="productHeaderTest(java.lang.String,java.lang.String)[pri:0, instance:com.opencart.tests.ProductPageInfoTest@4fe533ff]" started-at="2025-05-27T13:10:23 IST" name="productHeaderTest" data-provider="getProductSearchData" finished-at="2025-05-27T13:10:26 IST" duration-ms="3033" status="PASS">
          <params>
            <param index="0">
              <value>
                <![CDATA[macbook]]>
              </value>
            </param>
            <param index="1">
              <value>
                <![CDATA[MacBook Pro]]>
              </value>
            </param>
          </params>
          <reporter-output>
          </reporter-output>
        </test-method> <!-- productHeaderTest -->
        <test-method signature="productHeaderTest(java.lang.String,java.lang.String)[pri:0, instance:com.opencart.tests.ProductPageInfoTest@4fe533ff]" started-at="2025-05-27T13:10:26 IST" name="productHeaderTest" data-provider="getProductSearchData" finished-at="2025-05-27T13:10:27 IST" duration-ms="1705" status="PASS">
          <params>
            <param index="0">
              <value>
                <![CDATA[imac]]>
              </value>
            </param>
            <param index="1">
              <value>
                <![CDATA[iMac]]>
              </value>
            </param>
          </params>
          <reporter-output>
          </reporter-output>
        </test-method> <!-- productHeaderTest -->
        <test-method signature="productHeaderTest(java.lang.String,java.lang.String)[pri:0, instance:com.opencart.tests.ProductPageInfoTest@4fe533ff]" started-at="2025-05-27T13:10:27 IST" name="productHeaderTest" data-provider="getProductSearchData" finished-at="2025-05-27T13:10:29 IST" duration-ms="1718" status="PASS">
          <params>
            <param index="0">
              <value>
                <![CDATA[samsung]]>
              </value>
            </param>
            <param index="1">
              <value>
                <![CDATA[Samsung SyncMaster 941BW]]>
              </value>
            </param>
          </params>
          <reporter-output>
          </reporter-output>
        </test-method> <!-- productHeaderTest -->
        <test-method signature="productHeaderTest(java.lang.String,java.lang.String)[pri:0, instance:com.opencart.tests.ProductPageInfoTest@4fe533ff]" started-at="2025-05-27T13:10:30 IST" name="productHeaderTest" data-provider="getProductSearchData" finished-at="2025-05-27T13:10:32 IST" duration-ms="2207" status="PASS">
          <params>
            <param index="0">
              <value>
                <![CDATA[samsung]]>
              </value>
            </param>
            <param index="1">
              <value>
                <![CDATA[Samsung Galaxy Tab 10.1]]>
              </value>
            </param>
          </params>
          <reporter-output>
          </reporter-output>
        </test-method> <!-- productHeaderTest -->
        <test-method signature="productImagesCountTest(java.lang.String,java.lang.String,int)[pri:0, instance:com.opencart.tests.ProductPageInfoTest@4fe533ff]" started-at="2025-05-27T13:10:32 IST" name="productImagesCountTest" data-provider="getProductImagesCount" finished-at="2025-05-27T13:10:36 IST" duration-ms="3434" status="PASS">
          <params>
            <param index="0">
              <value>
                <![CDATA[macbook]]>
              </value>
            </param>
            <param index="1">
              <value>
                <![CDATA[MacBook Pro]]>
              </value>
            </param>
            <param index="2">
              <value>
                <![CDATA[4]]>
              </value>
            </param>
          </params>
          <reporter-output>
          </reporter-output>
        </test-method> <!-- productImagesCountTest -->
        <test-method signature="productImagesCountTest(java.lang.String,java.lang.String,int)[pri:0, instance:com.opencart.tests.ProductPageInfoTest@4fe533ff]" started-at="2025-05-27T13:10:36 IST" name="productImagesCountTest" data-provider="getProductImagesCount" finished-at="2025-05-27T13:10:37 IST" duration-ms="1066" status="PASS">
          <params>
            <param index="0">
              <value>
                <![CDATA[imac]]>
              </value>
            </param>
            <param index="1">
              <value>
                <![CDATA[iMac]]>
              </value>
            </param>
            <param index="2">
              <value>
                <![CDATA[3]]>
              </value>
            </param>
          </params>
          <reporter-output>
          </reporter-output>
        </test-method> <!-- productImagesCountTest -->
        <test-method signature="productImagesCountTest(java.lang.String,java.lang.String,int)[pri:0, instance:com.opencart.tests.ProductPageInfoTest@4fe533ff]" started-at="2025-05-27T13:10:37 IST" name="productImagesCountTest" data-provider="getProductImagesCount" finished-at="2025-05-27T13:10:38 IST" duration-ms="1161" status="PASS">
          <params>
            <param index="0">
              <value>
                <![CDATA[samsung]]>
              </value>
            </param>
            <param index="1">
              <value>
                <![CDATA[Samsung SyncMaster 941BW]]>
              </value>
            </param>
            <param index="2">
              <value>
                <![CDATA[1]]>
              </value>
            </param>
          </params>
          <reporter-output>
          </reporter-output>
        </test-method> <!-- productImagesCountTest -->
        <test-method signature="productImagesCountTest(java.lang.String,java.lang.String,int)[pri:0, instance:com.opencart.tests.ProductPageInfoTest@4fe533ff]" started-at="2025-05-27T13:10:38 IST" name="productImagesCountTest" data-provider="getProductImagesCount" finished-at="2025-05-27T13:10:40 IST" duration-ms="1702" status="PASS">
          <params>
            <param index="0">
              <value>
                <![CDATA[samsung]]>
              </value>
            </param>
            <param index="1">
              <value>
                <![CDATA[Samsung Galaxy Tab 10.1]]>
              </value>
            </param>
            <param index="2">
              <value>
                <![CDATA[7]]>
              </value>
            </param>
          </params>
          <reporter-output>
          </reporter-output>
        </test-method> <!-- productImagesCountTest -->
        <test-method signature="productInfoTest()[pri:0, instance:com.opencart.tests.ProductPageInfoTest@4fe533ff]" started-at="2025-05-27T13:10:40 IST" name="productInfoTest" finished-at="2025-05-27T13:10:41 IST" duration-ms="1279" status="FAIL">
          <exception class="java.lang.AssertionError">
            <message>
              <![CDATA[The following asserts failed:
expected [In Stock] but found [Out Of Stock]]]>
            </message>
            <full-stacktrace>
              <![CDATA[java.lang.AssertionError: The following asserts failed:
expected [In Stock] but found [Out Of Stock]
at org.testng.asserts.SoftAssert.assertAll(SoftAssert.java:46)
at org.testng.asserts.SoftAssert.assertAll(SoftAssert.java:30)
at com.opencart.tests.ProductPageInfoTest.productInfoTest(ProductPageInfoTest.java:71)
at java.base/jdk.internal.reflect.DirectMethodHandleAccessor.invoke(DirectMethodHandleAccessor.java:103)
at java.base/java.lang.reflect.Method.invoke(Method.java:580)
at org.testng.internal.invokers.MethodInvocationHelper.invokeMethod(MethodInvocationHelper.java:141)
at org.testng.internal.invokers.TestInvoker.invokeMethod(TestInvoker.java:686)
at org.testng.internal.invokers.TestInvoker.invokeTestMethod(TestInvoker.java:230)
at org.testng.internal.invokers.MethodRunner.runInSequence(MethodRunner.java:63)
at org.testng.internal.invokers.TestInvoker$MethodInvocationAgent.invoke(TestInvoker.java:992)
at org.testng.internal.invokers.TestInvoker.invokeTestMethods(TestInvoker.java:203)
at org.testng.internal.invokers.TestMethodWorker.invokeTestMethods(TestMethodWorker.java:154)
at org.testng.internal.invokers.TestMethodWorker.run(TestMethodWorker.java:134)
at java.base/java.util.ArrayList.forEach(ArrayList.java:1596)
at org.testng.TestRunner.privateRun(TestRunner.java:739)
at org.testng.TestRunner.run(TestRunner.java:614)
at org.testng.SuiteRunner.runTest(SuiteRunner.java:421)
at org.testng.SuiteRunner$SuiteWorker.run(SuiteRunner.java:463)
at org.testng.internal.thread.ThreadUtil.lambda$execute$0(ThreadUtil.java:64)
at java.base/java.util.concurrent.FutureTask.run(FutureTask.java:317)
at java.base/java.util.concurrent.ThreadPoolExecutor.runWorker(ThreadPoolExecutor.java:1144)
at java.base/java.util.concurrent.ThreadPoolExecutor$Worker.run(ThreadPoolExecutor.java:642)
at java.base/java.lang.Thread.run(Thread.java:1583)
]]>
            </full-stacktrace>
          </exception> <!-- java.lang.AssertionError -->
          <reporter-output>
          </reporter-output>
        </test-method> <!-- productInfoTest -->
        <test-method is-config="true" signature="tearDown()[pri:0, instance:com.opencart.tests.ProductPageInfoTest@4fe533ff]" started-at="2025-05-27T13:10:41 IST" name="tearDown" finished-at="2025-05-27T13:10:42 IST" duration-ms="298" status="PASS">
          <reporter-output>
          </reporter-output>
        </test-method> <!-- tearDown -->
      </class> <!-- com.opencart.tests.ProductPageInfoTest -->
    </test> <!-- product page info Test -->
  </suite> <!-- Open Cart Regression Suite -->
</testng-results>
