<?xml version="1.0" encoding="UTF-8"?>
<!-- Generated by org.testng.reporters.JUnitXMLReporter -->
<testsuite ignored="0" hostname="ScoreMe-Sanjay" failures="0" tests="6" name="Account page Test" time="19.602" errors="0" timestamp="2025-05-27T13:10:30 IST">
  <testcase classname="com.opencart.tests.AccountsPageTest" name="accPageHeadersTest" time="0.412"/>
  <testcase classname="com.opencart.tests.AccountsPageTest" name="accPageTitleTest" time="0.105"/>
  <testcase classname="com.opencart.tests.AccountsPageTest" name="accPageURLTest" time="0.116"/>
  <testcase classname="com.opencart.tests.AccountsPageTest" name="isLogoutLinkExistTest" time="0.112"/>
  <testcase classname="com.opencart.tests.AccountsPageTest" name="isMyAccountLinkExist" time="0.088"/>
  <testcase classname="com.opencart.tests.AccountsPageTest" name="searchTest" time="1.19"/>
</testsuite> <!-- Account page Test -->
