<?xml version="1.0" encoding="UTF-8"?>
<!-- Generated by org.testng.reporters.JUnitXMLReporter -->
<testsuite ignored="0" hostname="LAPTOP-AE49641U" failures="0" tests="4" name="Login page Test chrome" time="11.426" errors="0" timestamp="2024-07-24T23:49:11 IST">
  <testcase classname="com.opencart.tests.LoginPageTest" name="loginPageTitleTest" time="0.2"/>
  <testcase classname="com.opencart.tests.LoginPageTest" name="loginPageURLTest" time="0.075"/>
  <testcase classname="com.opencart.tests.LoginPageTest" name="forgotPwdLinkExistTest" time="0.128"/>
  <testcase classname="com.opencart.tests.LoginPageTest" name="loginTest" time="1.178"/>
</testsuite> <!-- Login page Test chrome -->
