<?xml version="1.0" encoding="UTF-8"?>
<!-- Generated by org.testng.reporters.JUnitXMLReporter -->
<testsuite ignored="0" hostname="LAPTOP-AE49641U" failures="0" tests="4" name="Login page Test chrome" time="5.647" errors="0" timestamp="2024-07-19T05:17:18 IST">
  <testcase classname="com.opencart.tests.LoginPageTest" name="loginPageTitleTest" time="0.103"/>
  <testcase classname="com.opencart.tests.LoginPageTest" name="loginPageURLTest" time="0.019"/>
  <testcase classname="com.opencart.tests.LoginPageTest" name="forgotPwdLinkExistTest" time="0.037"/>
  <testcase classname="com.opencart.tests.LoginPageTest" name="loginTest" time="0.881"/>
</testsuite> <!-- Login page Test chrome -->
