<?xml version="1.0" encoding="UTF-8"?>
<!-- Generated by org.testng.reporters.JUnitXMLReporter -->
<testsuite ignored="0" hostname="LAPTOP-AE49641U" failures="0" tests="4" name="Login page Test firefox" time="9.964" errors="0" timestamp="2024-07-15T21:51:54 IST">
  <testcase classname="com.opencart.tests.LoginPageTest" name="loginPageTitleTest" time="0.007"/>
  <testcase classname="com.opencart.tests.LoginPageTest" name="loginPageURLTest" time="0.008"/>
  <testcase classname="com.opencart.tests.LoginPageTest" name="forgotPwdLinkExistTest" time="0.185"/>
  <testcase classname="com.opencart.tests.LoginPageTest" name="loginTest" time="0.612"/>
</testsuite> <!-- Login page Test firefox -->
