<?xml version="1.0" encoding="UTF-8"?>
<!-- Generated by org.testng.reporters.JUnitXMLReporter -->
<testsuite ignored="0" hostname="LAPTOP-AE49641U" failures="0" tests="4" name="Login page Test" time="13.052" errors="0" timestamp="2024-07-23T03:12:45 IST">
  <testcase classname="com.opencart.tests.LoginPageTest" name="loginPageTitleTest" time="0.027"/>
  <testcase classname="com.opencart.tests.LoginPageTest" name="loginPageURLTest" time="0.019"/>
  <testcase classname="com.opencart.tests.LoginPageTest" name="forgotPwdLinkExistTest" time="0.041"/>
  <testcase classname="com.opencart.tests.LoginPageTest" name="loginTest" time="0.861"/>
</testsuite> <!-- Login page Test -->
