<?xml version="1.0" encoding="UTF-8"?>
<!-- Generated by org.testng.reporters.JUnitXMLReporter -->
<testsuite ignored="0" hostname="LAPTOP-AE49641U" failures="0" tests="4" name="Login page Test edge" time="6.719" errors="0" timestamp="2024-07-15T21:51:50 IST">
  <testcase classname="com.opencart.tests.LoginPageTest" name="loginPageTitleTest" time="0.557"/>
  <testcase classname="com.opencart.tests.LoginPageTest" name="loginPageURLTest" time="0.036"/>
  <testcase classname="com.opencart.tests.LoginPageTest" name="forgotPwdLinkExistTest" time="0.151"/>
  <testcase classname="com.opencart.tests.LoginPageTest" name="loginTest" time="1.253"/>
</testsuite> <!-- Login page Test edge -->
