<?xml version="1.0" encoding="UTF-8"?>
<!-- Generated by org.testng.reporters.JUnitXMLReporter -->
<testsuite ignored="0" hostname="CODE-IS-LIFE" failures="0" tests="9" name="product page info Test" time="30.51" errors="0" timestamp="2024-08-08T21:45:42 IST">
  <testcase classname="com.opencart.tests.ProductPageInfoTest" name="productHeaderTest" time="3.155"/>
  <testcase classname="com.opencart.tests.ProductPageInfoTest" name="productHeaderTest" time="2.208"/>
  <testcase classname="com.opencart.tests.ProductPageInfoTest" name="productHeaderTest" time="1.697"/>
  <testcase classname="com.opencart.tests.ProductPageInfoTest" name="productHeaderTest" time="1.406"/>
  <testcase classname="com.opencart.tests.ProductPageInfoTest" name="productImagesCountTest" time="1.486"/>
  <testcase classname="com.opencart.tests.ProductPageInfoTest" name="productImagesCountTest" time="1.397"/>
  <testcase classname="com.opencart.tests.ProductPageInfoTest" name="productImagesCountTest" time="1.794"/>
  <testcase classname="com.opencart.tests.ProductPageInfoTest" name="productImagesCountTest" time="1.368"/>
  <testcase classname="com.opencart.tests.ProductPageInfoTest" name="productInfoTest" time="1.62"/>
</testsuite> <!-- product page info Test -->
