<?xml version="1.0" encoding="UTF-8"?>
<!-- Generated by org.testng.reporters.JUnitXMLReporter -->
<testsuite ignored="0" hostname="CODE-IS-LIFE" failures="0" tests="4" name="reg page Test" time="62.095" errors="0" timestamp="2025-06-02T11:28:35 IST">
  <testcase classname="com.opencart.tests.RegistrationPageTest" name="userRegTest" time="26.416"/>
  <testcase classname="com.opencart.tests.RegistrationPageTest" name="userRegTest" time="5.158"/>
  <testcase classname="com.opencart.tests.RegistrationPageTest" name="userRegTest" time="4.584"/>
  <testcase classname="com.opencart.tests.RegistrationPageTest" name="userRegTest" time="6.285"/>
</testsuite> <!-- reg page Test -->
