<?xml version="1.0" encoding="UTF-8"?>
<!-- Generated by org.testng.reporters.JUnitXMLReporter -->
<testsuite ignored="0" hostname="CODE-IS-LIFE" failures="0" tests="4" name="reg page Test" time="41.254" errors="0" timestamp="2025-06-02T15:54:29 IST">
  <testcase classname="com.opencart.tests.RegistrationPageTest" name="userRegTest" time="9.281"/>
  <testcase classname="com.opencart.tests.RegistrationPageTest" name="userRegTest" time="3.586"/>
  <testcase classname="com.opencart.tests.RegistrationPageTest" name="userRegTest" time="5.579"/>
  <testcase classname="com.opencart.tests.RegistrationPageTest" name="userRegTest" time="4.522"/>
</testsuite> <!-- reg page Test -->
