<?xml version="1.0" encoding="UTF-8"?>
<!-- Generated by org.testng.reporters.JUnitXMLReporter -->
<testsuite ignored="0" hostname="CODE-IS-LIFE" failures="0" tests="3" name="Search result page Test" time="15.458" errors="0" timestamp="2025-06-02T11:32:42 IST">
  <testcase classname="com.opencart.tests.SearchResultsPageTest" name="getProductCount" time="1.136"/>
  <testcase classname="com.opencart.tests.SearchResultsPageTest" name="getProductCount" time="0.835"/>
  <testcase classname="com.opencart.tests.SearchResultsPageTest" name="getProductCount" time="0.748"/>
</testsuite> <!-- Search result page Test -->
