<?xml version="1.0" encoding="UTF-8"?>
<!-- Generated by org.testng.reporters.JUnitReportReporter -->
<testsuite hostname="CODE-IS-LIFE" failures="0" tests="6" name="com.opencart.tests.AccountsPageTest" time="3.745" errors="0" timestamp="2025-06-02T15:54:29 IST" skipped="0">
  <testcase classname="com.opencart.tests.AccountsPageTest" name="accPageURLTest" time="0.265"/>
  <testcase classname="com.opencart.tests.AccountsPageTest" name="isMyAccountLinkExist" time="0.306"/>
  <testcase classname="com.opencart.tests.AccountsPageTest" name="searchTest" time="1.595"/>
  <testcase classname="com.opencart.tests.AccountsPageTest" name="accPageHeadersTest" time="0.579"/>
  <testcase classname="com.opencart.tests.AccountsPageTest" name="isLogoutLinkExistTest" time="0.779"/>
  <testcase classname="com.opencart.tests.AccountsPageTest" name="accPageTitleTest" time="0.221"/>
</testsuite> <!-- com.opencart.tests.AccountsPageTest -->
